{"/home/travis/build/npmtest/node-npmtest-rsmq/test.js":{"path":"/home/travis/build/npmtest/node-npmtest-rsmq/test.js","s":{"1":2,"2":2,"3":2,"4":2,"5":2,"6":2,"7":2,"8":1,"9":2,"10":2,"11":1,"12":1,"13":1,"14":1,"15":2,"16":2,"17":2,"18":2,"19":1,"20":1,"21":2,"22":2,"23":2,"24":1,"25":1,"26":1,"27":1,"28":1,"29":1,"30":1,"31":1,"32":1,"33":1,"34":1,"35":1,"36":1,"37":1,"38":1,"39":2,"40":2,"41":1,"42":2,"43":2,"44":1,"45":2,"46":2,"47":1,"48":2,"49":2,"50":1,"51":1,"52":1,"53":1,"54":1},"b":{"1":[2,1,1,1],"2":[1,1,1,1],"3":[1,1],"4":[1,1],"5":[1,1],"6":[1,1],"7":[1,1],"8":[1,1],"9":[1,1],"10":[1,1,1],"11":[1,1],"12":[1,1],"13":[1,1],"14":[1,1],"15":[1,1],"16":[1,1],"17":[1,1]},"f":{"1":2,"2":2,"3":2,"4":2,"5":2,"6":1,"7":1,"8":1,"9":2,"10":2,"11":2,"12":2,"13":1},"fnMap":{"1":{"name":"(anonymous_1)","line":12,"loc":{"start":{"line":12,"column":1},"end":{"line":12,"column":13}}},"2":{"name":"(anonymous_2)","line":19,"loc":{"start":{"line":19,"column":5},"end":{"line":19,"column":17}}},"3":{"name":"(anonymous_3)","line":23,"loc":{"start":{"line":23,"column":24},"end":{"line":23,"column":36}}},"4":{"name":"(anonymous_4)","line":61,"loc":{"start":{"line":61,"column":5},"end":{"line":61,"column":17}}},"5":{"name":"(anonymous_5)","line":82,"loc":{"start":{"line":82,"column":5},"end":{"line":82,"column":17}}},"6":{"name":"(anonymous_6)","line":91,"loc":{"start":{"line":91,"column":77},"end":{"line":94,"column":10}}},"7":{"name":"(anonymous_7)","line":112,"loc":{"start":{"line":112,"column":83},"end":{"line":115,"column":10}},"skip":true},"8":{"name":"(anonymous_8)","line":123,"loc":{"start":{"line":123,"column":77},"end":{"line":126,"column":10}},"skip":true},"9":{"name":"(anonymous_9)","line":139,"loc":{"start":{"line":139,"column":12},"end":{"line":139,"column":40}},"skip":true},"10":{"name":"(anonymous_10)","line":147,"loc":{"start":{"line":147,"column":77},"end":{"line":150,"column":10}},"skip":true},"11":{"name":"(anonymous_11)","line":158,"loc":{"start":{"line":158,"column":83},"end":{"line":161,"column":10}},"skip":true},"12":{"name":"(anonymous_12)","line":169,"loc":{"start":{"line":169,"column":79},"end":{"line":172,"column":10}},"skip":true},"13":{"name":"(anonymous_13)","line":180,"loc":{"start":{"line":180,"column":75},"end":{"line":183,"column":10}},"skip":true}},"statementMap":{"1":{"start":{"line":12,"column":0},"end":{"line":195,"column":5}},"2":{"start":{"line":14,"column":4},"end":{"line":14,"column":14}},"3":{"start":{"line":19,"column":4},"end":{"line":56,"column":9}},"4":{"start":{"line":21,"column":8},"end":{"line":21,"column":19}},"5":{"start":{"line":23,"column":8},"end":{"line":35,"column":13}},"6":{"start":{"line":24,"column":12},"end":{"line":34,"column":13}},"7":{"start":{"line":25,"column":16},"end":{"line":28,"column":30}},"8":{"start":{"line":30,"column":16},"end":{"line":33,"column":27}},"9":{"start":{"line":37,"column":8},"end":{"line":39,"column":21}},"10":{"start":{"line":40,"column":8},"end":{"line":53,"column":9}},"11":{"start":{"line":43,"column":12},"end":{"line":46,"column":14}},"12":{"start":{"line":47,"column":12},"end":{"line":47,"column":18}},"13":{"start":{"line":50,"column":12},"end":{"line":51,"column":33}},"14":{"start":{"line":52,"column":12},"end":{"line":52,"column":18}},"15":{"start":{"line":55,"column":8},"end":{"line":55,"column":35}},"16":{"start":{"line":61,"column":4},"end":{"line":63,"column":9}},"17":{"start":{"line":62,"column":8},"end":{"line":62,"column":15}},"18":{"start":{"line":64,"column":4},"end":{"line":77,"column":5}},"19":{"start":{"line":70,"column":8},"end":{"line":70,"column":14}},"20":{"start":{"line":76,"column":8},"end":{"line":76,"column":14}},"21":{"start":{"line":82,"column":4},"end":{"line":84,"column":9}},"22":{"start":{"line":83,"column":8},"end":{"line":83,"column":15}},"23":{"start":{"line":85,"column":4},"end":{"line":194,"column":5}},"24":{"start":{"line":91,"column":8},"end":{"line":99,"column":10}},"25":{"start":{"line":98,"column":12},"end":{"line":98,"column":35}},"26":{"start":{"line":102,"column":8},"end":{"line":104,"column":63}},"27":{"start":{"line":105,"column":8},"end":{"line":105,"column":14}},"28":{"start":{"line":112,"column":8},"end":{"line":121,"column":10},"skip":true},"29":{"start":{"line":119,"column":12},"end":{"line":119,"column":55},"skip":true},"30":{"start":{"line":120,"column":12},"end":{"line":120,"column":48},"skip":true},"31":{"start":{"line":123,"column":8},"end":{"line":136,"column":10},"skip":true},"32":{"start":{"line":130,"column":12},"end":{"line":130,"column":76},"skip":true},"33":{"start":{"line":131,"column":12},"end":{"line":131,"column":73},"skip":true},"34":{"start":{"line":132,"column":12},"end":{"line":132,"column":74},"skip":true},"35":{"start":{"line":133,"column":12},"end":{"line":133,"column":79},"skip":true},"36":{"start":{"line":134,"column":12},"end":{"line":134,"column":25},"skip":true},"37":{"start":{"line":135,"column":12},"end":{"line":135,"column":45},"skip":true},"38":{"start":{"line":138,"column":8},"end":{"line":145,"column":14},"skip":true},"39":{"start":{"line":143,"column":16},"end":{"line":143,"column":29},"skip":true},"40":{"start":{"line":144,"column":16},"end":{"line":144,"column":55},"skip":true},"41":{"start":{"line":147,"column":8},"end":{"line":156,"column":10},"skip":true},"42":{"start":{"line":154,"column":12},"end":{"line":154,"column":25},"skip":true},"43":{"start":{"line":155,"column":12},"end":{"line":155,"column":45},"skip":true},"44":{"start":{"line":158,"column":8},"end":{"line":167,"column":10},"skip":true},"45":{"start":{"line":165,"column":12},"end":{"line":165,"column":25},"skip":true},"46":{"start":{"line":166,"column":12},"end":{"line":166,"column":48},"skip":true},"47":{"start":{"line":169,"column":8},"end":{"line":178,"column":10},"skip":true},"48":{"start":{"line":176,"column":12},"end":{"line":176,"column":25},"skip":true},"49":{"start":{"line":177,"column":12},"end":{"line":177,"column":46},"skip":true},"50":{"start":{"line":180,"column":8},"end":{"line":189,"column":10},"skip":true},"51":{"start":{"line":187,"column":12},"end":{"line":187,"column":94},"skip":true},"52":{"start":{"line":188,"column":12},"end":{"line":188,"column":48},"skip":true},"53":{"start":{"line":192,"column":8},"end":{"line":192,"column":35},"skip":true},"54":{"start":{"line":193,"column":8},"end":{"line":193,"column":14},"skip":true}},"branchMap":{"1":{"line":25,"type":"binary-expr","locations":[{"start":{"line":25,"column":23},"end":{"line":25,"column":62}},{"start":{"line":26,"column":20},"end":{"line":26,"column":70}},{"start":{"line":27,"column":20},"end":{"line":27,"column":71}},{"start":{"line":28,"column":20},"end":{"line":28,"column":29}}]},"2":{"line":30,"type":"binary-expr","locations":[{"start":{"line":30,"column":23},"end":{"line":30,"column":37}},{"start":{"line":31,"column":20},"end":{"line":31,"column":61}},{"start":{"line":32,"column":20},"end":{"line":32,"column":70}},{"start":{"line":33,"column":20},"end":{"line":33,"column":26}}]},"3":{"line":37,"type":"cond-expr","locations":[{"start":{"line":38,"column":14},"end":{"line":38,"column":20}},{"start":{"line":39,"column":14},"end":{"line":39,"column":20}}]},"4":{"line":40,"type":"switch","locations":[{"start":{"line":42,"column":8},"end":{"line":47,"column":18}},{"start":{"line":49,"column":8},"end":{"line":52,"column":18}}]},"5":{"line":44,"type":"binary-expr","locations":[{"start":{"line":44,"column":16},"end":{"line":44,"column":44}},{"start":{"line":44,"column":48},"end":{"line":44,"column":66}}]},"6":{"line":50,"type":"binary-expr","locations":[{"start":{"line":50,"column":21},"end":{"line":50,"column":49}},{"start":{"line":50,"column":53},"end":{"line":50,"column":72}}]},"7":{"line":64,"type":"switch","locations":[{"start":{"line":69,"column":4},"end":{"line":70,"column":14}},{"start":{"line":75,"column":4},"end":{"line":76,"column":14}}]},"8":{"line":85,"type":"switch","locations":[{"start":{"line":90,"column":4},"end":{"line":105,"column":14}},{"start":{"line":111,"column":4},"end":{"line":193,"column":14},"skip":true}]},"9":{"line":91,"type":"binary-expr","locations":[{"start":{"line":91,"column":42},"end":{"line":91,"column":73}},{"start":{"line":91,"column":77},"end":{"line":99,"column":9}}]},"10":{"line":102,"type":"binary-expr","locations":[{"start":{"line":102,"column":18},"end":{"line":102,"column":32}},{"start":{"line":103,"column":12},"end":{"line":103,"column":53}},{"start":{"line":104,"column":12},"end":{"line":104,"column":61}}]},"11":{"line":112,"type":"binary-expr","locations":[{"start":{"line":112,"column":45},"end":{"line":112,"column":79},"skip":true},{"start":{"line":112,"column":83},"end":{"line":121,"column":9},"skip":true}]},"12":{"line":123,"type":"binary-expr","locations":[{"start":{"line":123,"column":42},"end":{"line":123,"column":73},"skip":true},{"start":{"line":123,"column":77},"end":{"line":136,"column":9},"skip":true}]},"13":{"line":138,"type":"binary-expr","locations":[{"start":{"line":138,"column":48},"end":{"line":138,"column":85},"skip":true},{"start":{"line":139,"column":12},"end":{"line":145,"column":13},"skip":true}]},"14":{"line":147,"type":"binary-expr","locations":[{"start":{"line":147,"column":42},"end":{"line":147,"column":73},"skip":true},{"start":{"line":147,"column":77},"end":{"line":156,"column":9},"skip":true}]},"15":{"line":158,"type":"binary-expr","locations":[{"start":{"line":158,"column":45},"end":{"line":158,"column":79},"skip":true},{"start":{"line":158,"column":83},"end":{"line":167,"column":9},"skip":true}]},"16":{"line":169,"type":"binary-expr","locations":[{"start":{"line":169,"column":43},"end":{"line":169,"column":75},"skip":true},{"start":{"line":169,"column":79},"end":{"line":178,"column":9},"skip":true}]},"17":{"line":180,"type":"binary-expr","locations":[{"start":{"line":180,"column":41},"end":{"line":180,"column":71},"skip":true},{"start":{"line":180,"column":75},"end":{"line":189,"column":9},"skip":true}]}},"code":["/* istanbul instrument in package npmtest_rsmq */","/*jslint","    bitwise: true,","    browser: true,","    maxerr: 8,","    maxlen: 96,","    node: true,","    nomen: true,","    regexp: true,","    stupid: true","*/","(function () {","    'use strict';","    var local;","","","","    // run shared js-env code - pre-init","    (function () {","        // init local","        local = {};","        // init modeJs","        local.modeJs = (function () {","            try {","                return typeof navigator.userAgent === 'string' &&","                    typeof document.querySelector('body') === 'object' &&","                    typeof XMLHttpRequest.prototype.open === 'function' &&","                    'browser';","            } catch (errorCaughtBrowser) {","                return module.exports &&","                    typeof process.versions.node === 'string' &&","                    typeof require('http').createServer === 'function' &&","                    'node';","            }","        }());","        // init global","        local.global = local.modeJs === 'browser'","            ? window","            : global;","        switch (local.modeJs) {","        // re-init local from window.local","        case 'browser':","            local = local.global.utility2.objectSetDefault(","                local.global.utility2_rollup || local.global.local,","                local.global.utility2","            );","            break;","        // re-init local from example.js","        case 'node':","            local = (local.global.utility2_rollup || require('utility2'))","                .requireReadme();","            break;","        }","        // export local","        local.global.local = local;","    }());","","","","    // run shared js-env code - function","    (function () {","        return;","    }());","    switch (local.modeJs) {","","","","    // run browser js-env code - function","    case 'browser':","        break;","","","","    // run node js-env code - function","    case 'node':","        break;","    }","","","","    // run shared js-env code - post-init","    (function () {","        return;","    }());","    switch (local.modeJs) {","","","","    // run browser js-env code - post-init","    case 'browser':","        local.testCase_browser_nullCase = local.testCase_browser_nullCase || function (","            options,","            onError","        ) {","        /*","         * this function will test browsers's null-case handling-behavior-behavior","         */","            onError(null, options);","        };","","        // run tests","        local.nop(local.modeTest &&","            document.querySelector('#testRunButton1') &&","            document.querySelector('#testRunButton1').click());","        break;","","","","    // run node js-env code - post-init","    /* istanbul ignore next */","    case 'node':","        local.testCase_buildApidoc_default = local.testCase_buildApidoc_default || function (","            options,","            onError","        ) {","        /*","         * this function will test buildApidoc's default handling-behavior-behavior","         */","            options = { modulePathList: module.paths };","            local.buildApidoc(options, onError);","        };","","        local.testCase_buildApp_default = local.testCase_buildApp_default || function (","            options,","            onError","        ) {","        /*","         * this function will test buildApp's default handling-behavior-behavior","         */","            local.testCase_buildReadme_default(options, local.onErrorThrow);","            local.testCase_buildLib_default(options, local.onErrorThrow);","            local.testCase_buildTest_default(options, local.onErrorThrow);","            local.testCase_buildCustomOrg_default(options, local.onErrorThrow);","            options = [];","            local.buildApp(options, onError);","        };","","        local.testCase_buildCustomOrg_default = local.testCase_buildCustomOrg_default ||","            function (options, onError) {","            /*","             * this function will test buildCustomOrg's default handling-behavior","             */","                options = {};","                local.buildCustomOrg(options, onError);","            };","","        local.testCase_buildLib_default = local.testCase_buildLib_default || function (","            options,","            onError","        ) {","        /*","         * this function will test buildLib's default handling-behavior","         */","            options = {};","            local.buildLib(options, onError);","        };","","        local.testCase_buildReadme_default = local.testCase_buildReadme_default || function (","            options,","            onError","        ) {","        /*","         * this function will test buildReadme's default handling-behavior-behavior","         */","            options = {};","            local.buildReadme(options, onError);","        };","","        local.testCase_buildTest_default = local.testCase_buildTest_default || function (","            options,","            onError","        ) {","        /*","         * this function will test buildTest's default handling-behavior","         */","            options = {};","            local.buildTest(options, onError);","        };","","        local.testCase_webpage_default = local.testCase_webpage_default || function (","            options,","            onError","        ) {","        /*","         * this function will test webpage's default handling-behavior","         */","            options = { modeCoverageMerge: true, url: local.serverLocalHost + '?modeTest=1' };","            local.browserTest(options, onError);","        };","","        // run test-server","        local.testRunServer(local);","        break;","    }","}());",""],"l":{"12":2,"14":2,"19":2,"21":2,"23":2,"24":2,"25":2,"30":1,"37":2,"40":2,"43":1,"47":1,"50":1,"52":1,"55":2,"61":2,"62":2,"64":2,"70":1,"76":1,"82":2,"83":2,"85":2,"91":1,"98":1,"102":1,"105":1,"112":1,"119":1,"120":1,"123":1,"130":1,"131":1,"132":1,"133":1,"134":1,"135":1,"138":1,"143":2,"144":2,"147":1,"154":2,"155":2,"158":1,"165":2,"166":2,"169":1,"176":2,"177":2,"180":1,"187":1,"188":1,"192":1,"193":1}},"/home/travis/build/npmtest/node-npmtest-rsmq/lib.npmtest_rsmq.js":{"path":"/home/travis/build/npmtest/node-npmtest-rsmq/lib.npmtest_rsmq.js","s":{"1":2,"2":2,"3":2,"4":2,"5":2,"6":2,"7":2,"8":1,"9":2,"10":2,"11":2,"12":2,"13":1,"14":1,"15":1,"16":1},"b":{"1":[2,1,1,1],"2":[1,1,1,1],"3":[1,1],"4":[2,2],"5":[1,1]},"f":{"1":2,"2":2,"3":2},"fnMap":{"1":{"name":"(anonymous_1)","line":12,"loc":{"start":{"line":12,"column":1},"end":{"line":12,"column":13}}},"2":{"name":"(anonymous_2)","line":19,"loc":{"start":{"line":19,"column":5},"end":{"line":19,"column":17}}},"3":{"name":"(anonymous_3)","line":23,"loc":{"start":{"line":23,"column":24},"end":{"line":23,"column":36}}}},"statementMap":{"1":{"start":{"line":12,"column":0},"end":{"line":53,"column":5}},"2":{"start":{"line":14,"column":4},"end":{"line":14,"column":14}},"3":{"start":{"line":19,"column":4},"end":{"line":52,"column":9}},"4":{"start":{"line":21,"column":8},"end":{"line":21,"column":19}},"5":{"start":{"line":23,"column":8},"end":{"line":35,"column":13}},"6":{"start":{"line":24,"column":12},"end":{"line":34,"column":13}},"7":{"start":{"line":25,"column":16},"end":{"line":28,"column":30}},"8":{"start":{"line":30,"column":16},"end":{"line":33,"column":27}},"9":{"start":{"line":37,"column":8},"end":{"line":39,"column":21}},"10":{"start":{"line":41,"column":8},"end":{"line":41,"column":54}},"11":{"start":{"line":43,"column":8},"end":{"line":43,"column":49}},"12":{"start":{"line":45,"column":8},"end":{"line":51,"column":9}},"13":{"start":{"line":46,"column":12},"end":{"line":46,"column":55}},"14":{"start":{"line":48,"column":12},"end":{"line":48,"column":35}},"15":{"start":{"line":49,"column":12},"end":{"line":49,"column":49}},"16":{"start":{"line":50,"column":12},"end":{"line":50,"column":43}}},"branchMap":{"1":{"line":25,"type":"binary-expr","locations":[{"start":{"line":25,"column":23},"end":{"line":25,"column":62}},{"start":{"line":26,"column":20},"end":{"line":26,"column":70}},{"start":{"line":27,"column":20},"end":{"line":27,"column":71}},{"start":{"line":28,"column":20},"end":{"line":28,"column":29}}]},"2":{"line":30,"type":"binary-expr","locations":[{"start":{"line":30,"column":23},"end":{"line":30,"column":37}},{"start":{"line":31,"column":20},"end":{"line":31,"column":61}},{"start":{"line":32,"column":20},"end":{"line":32,"column":70}},{"start":{"line":33,"column":20},"end":{"line":33,"column":26}}]},"3":{"line":37,"type":"cond-expr","locations":[{"start":{"line":38,"column":14},"end":{"line":38,"column":20}},{"start":{"line":39,"column":14},"end":{"line":39,"column":20}}]},"4":{"line":41,"type":"binary-expr","locations":[{"start":{"line":41,"column":16},"end":{"line":41,"column":44}},{"start":{"line":41,"column":48},"end":{"line":41,"column":53}}]},"5":{"line":45,"type":"if","locations":[{"start":{"line":45,"column":8},"end":{"line":45,"column":8}},{"start":{"line":45,"column":8},"end":{"line":45,"column":8}}]}},"code":["/* istanbul instrument in package npmtest_rsmq */","/*jslint","    bitwise: true,","    browser: true,","    maxerr: 8,","    maxlen: 96,","    node: true,","    nomen: true,","    regexp: true,","    stupid: true","*/","(function () {","    'use strict';","    var local;","","","","    // run shared js-env code - pre-init","    (function () {","        // init local","        local = {};","        // init modeJs","        local.modeJs = (function () {","            try {","                return typeof navigator.userAgent === 'string' &&","                    typeof document.querySelector('body') === 'object' &&","                    typeof XMLHttpRequest.prototype.open === 'function' &&","                    'browser';","            } catch (errorCaughtBrowser) {","                return module.exports &&","                    typeof process.versions.node === 'string' &&","                    typeof require('http').createServer === 'function' &&","                    'node';","            }","        }());","        // init global","        local.global = local.modeJs === 'browser'","            ? window","            : global;","        // init utility2_rollup","        local = local.global.utility2_rollup || local;","        // init lib","        local.local = local.npmtest_rsmq = local;","        // init exports","        if (local.modeJs === 'browser') {","            local.global.utility2_npmtest_rsmq = local;","        } else {","            module.exports = local;","            module.exports.__dirname = __dirname;","            module.exports.module = module;","        }","    }());","}());",""],"l":{"12":2,"14":2,"19":2,"21":2,"23":2,"24":2,"25":2,"30":1,"37":2,"41":2,"43":2,"45":2,"46":1,"48":1,"49":1,"50":1}},"/home/travis/build/npmtest/node-npmtest-rsmq/example.js":{"path":"/home/travis/build/npmtest/node-npmtest-rsmq/example.js","s":{"1":2,"2":2,"3":2,"4":2,"5":2,"6":2,"7":2,"8":1,"9":2,"10":2,"11":2,"12":2,"13":1,"14":2,"15":2,"16":2,"17":2,"18":2,"19":0,"20":2,"21":1,"22":1,"23":1,"24":1,"25":1,"26":0,"27":0,"28":1,"29":1,"30":2,"31":0,"32":0,"33":0,"34":1,"35":2,"36":2,"37":3,"38":3,"39":3,"40":3,"41":0,"42":3,"43":3,"44":3,"45":1,"46":3,"47":1,"48":1,"49":1,"50":1,"51":1,"52":1,"53":1,"54":1,"55":1,"56":1,"57":0,"58":1,"59":6,"60":6,"61":1,"62":2,"63":0,"64":2,"65":1,"66":1,"67":0,"68":0,"69":0,"70":0,"71":0,"72":0,"73":0,"74":0,"75":0,"76":0,"77":0,"78":0,"79":0,"80":0,"81":0,"82":0,"83":0},"b":{"1":[2,1,1,1],"2":[1,1,1,1],"3":[1,1],"4":[2,2],"5":[1,1],"6":[1,1],"7":[2,0],"8":[2,1,1,1,1,1],"9":[0,2,0],"10":[1,1],"11":[2,1,1],"12":[1,0],"13":[0,2],"14":[2,0,0,0,0,0,0],"15":[0,3],"16":[3,0],"17":[1,1],"18":[0,1],"19":[1,2,0,2],"20":[1,0],"21":[1,1],"22":[0,0],"23":[0,0],"24":[0,0],"25":[0,0],"26":[0,0],"27":[0,0],"28":[0,0]},"f":{"1":2,"2":2,"3":2,"4":2,"5":2,"6":2,"7":3,"8":3,"9":3,"10":1,"11":6,"12":0},"fnMap":{"1":{"name":"(anonymous_1)","line":26,"loc":{"start":{"line":26,"column":1},"end":{"line":26,"column":13}}},"2":{"name":"(anonymous_2)","line":33,"loc":{"start":{"line":33,"column":5},"end":{"line":33,"column":17}}},"3":{"name":"(anonymous_3)","line":37,"loc":{"start":{"line":37,"column":24},"end":{"line":37,"column":36}}},"4":{"name":"(anonymous_4)","line":69,"loc":{"start":{"line":69,"column":31},"end":{"line":69,"column":48}},"skip":true},"5":{"name":"(anonymous_5)","line":78,"loc":{"start":{"line":78,"column":26},"end":{"line":78,"column":45}},"skip":true},"6":{"name":"(anonymous_6)","line":123,"loc":{"start":{"line":123,"column":33},"end":{"line":123,"column":48}},"skip":true},"7":{"name":"(anonymous_7)","line":125,"loc":{"start":{"line":125,"column":27},"end":{"line":125,"column":39}},"skip":true},"8":{"name":"(anonymous_8)","line":133,"loc":{"start":{"line":133,"column":59},"end":{"line":133,"column":74}},"skip":true},"9":{"name":"(anonymous_9)","line":143,"loc":{"start":{"line":143,"column":45},"end":{"line":143,"column":62}},"skip":true},"10":{"name":"(anonymous_10)","line":144,"loc":{"start":{"line":144,"column":73},"end":{"line":144,"column":92}},"skip":true},"11":{"name":"(anonymous_11)","line":272,"loc":{"start":{"line":272,"column":51},"end":{"line":272,"column":77}},"skip":true},"12":{"name":"(anonymous_12)","line":315,"loc":{"start":{"line":315,"column":32},"end":{"line":315,"column":61}},"skip":true}},"statementMap":{"1":{"start":{"line":26,"column":0},"end":{"line":326,"column":5}},"2":{"start":{"line":28,"column":4},"end":{"line":28,"column":14}},"3":{"start":{"line":33,"column":4},"end":{"line":60,"column":9}},"4":{"start":{"line":35,"column":8},"end":{"line":35,"column":19}},"5":{"start":{"line":37,"column":8},"end":{"line":49,"column":13}},"6":{"start":{"line":38,"column":12},"end":{"line":48,"column":13}},"7":{"start":{"line":39,"column":16},"end":{"line":42,"column":30}},"8":{"start":{"line":44,"column":16},"end":{"line":47,"column":27}},"9":{"start":{"line":51,"column":8},"end":{"line":53,"column":21}},"10":{"start":{"line":55,"column":8},"end":{"line":57,"column":45}},"11":{"start":{"line":59,"column":8},"end":{"line":59,"column":35}},"12":{"start":{"line":61,"column":4},"end":{"line":325,"column":5}},"13":{"start":{"line":69,"column":8},"end":{"line":121,"column":10},"skip":true},"14":{"start":{"line":70,"column":12},"end":{"line":88,"column":13},"skip":true},"15":{"start":{"line":76,"column":16},"end":{"line":87,"column":19},"skip":true},"16":{"start":{"line":79,"column":20},"end":{"line":86,"column":21},"skip":true},"17":{"start":{"line":82,"column":24},"end":{"line":82,"column":43},"skip":true},"18":{"start":{"line":83,"column":24},"end":{"line":83,"column":30},"skip":true},"19":{"start":{"line":85,"column":24},"end":{"line":85,"column":49},"skip":true},"20":{"start":{"line":89,"column":12},"end":{"line":107,"column":13},"skip":true},"21":{"start":{"line":92,"column":16},"end":{"line":102,"column":17},"skip":true},"22":{"start":{"line":93,"column":20},"end":{"line":93,"column":86},"skip":true},"23":{"start":{"line":94,"column":20},"end":{"line":95,"column":45},"skip":true},"24":{"start":{"line":96,"column":20},"end":{"line":96,"column":42},"skip":true},"25":{"start":{"line":97,"column":20},"end":{"line":97,"column":48},"skip":true},"26":{"start":{"line":100,"column":20},"end":{"line":100,"column":85},"skip":true},"27":{"start":{"line":101,"column":20},"end":{"line":101,"column":96},"skip":true},"28":{"start":{"line":103,"column":16},"end":{"line":103,"column":22},"skip":true},"29":{"start":{"line":106,"column":16},"end":{"line":106,"column":22},"skip":true},"30":{"start":{"line":108,"column":12},"end":{"line":120,"column":13},"skip":true},"31":{"start":{"line":114,"column":16},"end":{"line":119,"column":17},"skip":true},"32":{"start":{"line":116,"column":20},"end":{"line":116,"column":78},"skip":true},"33":{"start":{"line":118,"column":20},"end":{"line":118,"column":47},"skip":true},"34":{"start":{"line":123,"column":8},"end":{"line":141,"column":11},"skip":true},"35":{"start":{"line":124,"column":12},"end":{"line":124,"column":54},"skip":true},"36":{"start":{"line":125,"column":12},"end":{"line":140,"column":14},"skip":true},"37":{"start":{"line":126,"column":16},"end":{"line":126,"column":28},"skip":true},"38":{"start":{"line":127,"column":16},"end":{"line":127,"column":69},"skip":true},"39":{"start":{"line":128,"column":16},"end":{"line":128,"column":75},"skip":true},"40":{"start":{"line":129,"column":16},"end":{"line":131,"column":17},"skip":true},"41":{"start":{"line":130,"column":20},"end":{"line":130,"column":27},"skip":true},"42":{"start":{"line":133,"column":16},"end":{"line":137,"column":36},"skip":true},"43":{"start":{"line":134,"column":20},"end":{"line":136,"column":55},"skip":true},"44":{"start":{"line":139,"column":16},"end":{"line":139,"column":57},"skip":true},"45":{"start":{"line":143,"column":8},"end":{"line":147,"column":11},"skip":true},"46":{"start":{"line":144,"column":12},"end":{"line":146,"column":15},"skip":true},"47":{"start":{"line":145,"column":16},"end":{"line":145,"column":70},"skip":true},"48":{"start":{"line":149,"column":8},"end":{"line":149,"column":31},"skip":true},"49":{"start":{"line":150,"column":8},"end":{"line":150,"column":14},"skip":true},"50":{"start":{"line":158,"column":8},"end":{"line":158,"column":31},"skip":true},"51":{"start":{"line":160,"column":8},"end":{"line":160,"column":33},"skip":true},"52":{"start":{"line":161,"column":8},"end":{"line":161,"column":37},"skip":true},"53":{"start":{"line":162,"column":8},"end":{"line":162,"column":35},"skip":true},"54":{"start":{"line":164,"column":8},"end":{"line":164,"column":50},"skip":true},"55":{"start":{"line":166,"column":8},"end":{"line":256,"column":2},"skip":true},"56":{"start":{"line":258,"column":8},"end":{"line":286,"column":9},"skip":true},"57":{"start":{"line":259,"column":12},"end":{"line":269,"column":14},"skip":true},"58":{"start":{"line":271,"column":12},"end":{"line":285,"column":19},"skip":true},"59":{"start":{"line":274,"column":20},"end":{"line":274,"column":35},"skip":true},"60":{"start":{"line":275,"column":20},"end":{"line":284,"column":21},"skip":true},"61":{"start":{"line":277,"column":24},"end":{"line":277,"column":64},"skip":true},"62":{"start":{"line":279,"column":24},"end":{"line":279,"column":40},"skip":true},"63":{"start":{"line":281,"column":24},"end":{"line":281,"column":40},"skip":true},"64":{"start":{"line":283,"column":24},"end":{"line":283,"column":39},"skip":true},"65":{"start":{"line":288,"column":8},"end":{"line":290,"column":9},"skip":true},"66":{"start":{"line":289,"column":12},"end":{"line":289,"column":18},"skip":true},"67":{"start":{"line":291,"column":8},"end":{"line":293,"column":54},"skip":true},"68":{"start":{"line":296,"column":8},"end":{"line":301,"column":37},"skip":true},"69":{"start":{"line":303,"column":8},"end":{"line":303,"column":82},"skip":true},"70":{"start":{"line":306,"column":8},"end":{"line":308,"column":9},"skip":true},"71":{"start":{"line":307,"column":12},"end":{"line":307,"column":82},"skip":true},"72":{"start":{"line":310,"column":8},"end":{"line":312,"column":9},"skip":true},"73":{"start":{"line":311,"column":12},"end":{"line":311,"column":18},"skip":true},"74":{"start":{"line":313,"column":8},"end":{"line":313,"column":54},"skip":true},"75":{"start":{"line":314,"column":8},"end":{"line":314,"column":69},"skip":true},"76":{"start":{"line":315,"column":8},"end":{"line":323,"column":36},"skip":true},"77":{"start":{"line":316,"column":12},"end":{"line":316,"column":61},"skip":true},"78":{"start":{"line":317,"column":12},"end":{"line":320,"column":13},"skip":true},"79":{"start":{"line":318,"column":16},"end":{"line":318,"column":75},"skip":true},"80":{"start":{"line":319,"column":16},"end":{"line":319,"column":23},"skip":true},"81":{"start":{"line":321,"column":12},"end":{"line":321,"column":38},"skip":true},"82":{"start":{"line":322,"column":12},"end":{"line":322,"column":27},"skip":true},"83":{"start":{"line":324,"column":8},"end":{"line":324,"column":14},"skip":true}},"branchMap":{"1":{"line":39,"type":"binary-expr","locations":[{"start":{"line":39,"column":23},"end":{"line":39,"column":62}},{"start":{"line":40,"column":20},"end":{"line":40,"column":70}},{"start":{"line":41,"column":20},"end":{"line":41,"column":71}},{"start":{"line":42,"column":20},"end":{"line":42,"column":29}}]},"2":{"line":44,"type":"binary-expr","locations":[{"start":{"line":44,"column":23},"end":{"line":44,"column":37}},{"start":{"line":45,"column":20},"end":{"line":45,"column":61}},{"start":{"line":46,"column":20},"end":{"line":46,"column":70}},{"start":{"line":47,"column":20},"end":{"line":47,"column":26}}]},"3":{"line":51,"type":"cond-expr","locations":[{"start":{"line":52,"column":14},"end":{"line":52,"column":20}},{"start":{"line":53,"column":14},"end":{"line":53,"column":20}}]},"4":{"line":55,"type":"binary-expr","locations":[{"start":{"line":55,"column":16},"end":{"line":55,"column":44}},{"start":{"line":55,"column":49},"end":{"line":57,"column":43}}]},"5":{"line":55,"type":"cond-expr","locations":[{"start":{"line":56,"column":14},"end":{"line":56,"column":48}},{"start":{"line":57,"column":14},"end":{"line":57,"column":43}}]},"6":{"line":61,"type":"switch","locations":[{"start":{"line":68,"column":4},"end":{"line":150,"column":14},"skip":true},{"start":{"line":156,"column":4},"end":{"line":324,"column":14},"skip":true}]},"7":{"line":70,"type":"if","locations":[{"start":{"line":70,"column":12},"end":{"line":70,"column":12},"skip":true},{"start":{"line":70,"column":12},"end":{"line":70,"column":12},"skip":true}]},"8":{"line":70,"type":"binary-expr","locations":[{"start":{"line":70,"column":16},"end":{"line":70,"column":22},"skip":true},{"start":{"line":70,"column":27},"end":{"line":70,"column":32},"skip":true},{"start":{"line":71,"column":20},"end":{"line":71,"column":39},"skip":true},{"start":{"line":72,"column":20},"end":{"line":72,"column":49},"skip":true},{"start":{"line":73,"column":20},"end":{"line":73,"column":58},"skip":true},{"start":{"line":74,"column":20},"end":{"line":74,"column":69},"skip":true}]},"9":{"line":79,"type":"switch","locations":[{"start":{"line":80,"column":20},"end":{"line":80,"column":33},"skip":true},{"start":{"line":81,"column":20},"end":{"line":83,"column":30},"skip":true},{"start":{"line":84,"column":20},"end":{"line":85,"column":49},"skip":true}]},"10":{"line":89,"type":"switch","locations":[{"start":{"line":90,"column":12},"end":{"line":103,"column":22},"skip":true},{"start":{"line":105,"column":12},"end":{"line":106,"column":22},"skip":true}]},"11":{"line":89,"type":"binary-expr","locations":[{"start":{"line":89,"column":20},"end":{"line":89,"column":25},"skip":true},{"start":{"line":89,"column":29},"end":{"line":89,"column":48},"skip":true},{"start":{"line":89,"column":52},"end":{"line":89,"column":74},"skip":true}]},"12":{"line":92,"type":"if","locations":[{"start":{"line":92,"column":16},"end":{"line":92,"column":16},"skip":true},{"start":{"line":92,"column":16},"end":{"line":92,"column":16},"skip":true}]},"13":{"line":108,"type":"if","locations":[{"start":{"line":108,"column":12},"end":{"line":108,"column":12},"skip":true},{"start":{"line":108,"column":12},"end":{"line":108,"column":12},"skip":true}]},"14":{"line":108,"type":"binary-expr","locations":[{"start":{"line":108,"column":16},"end":{"line":108,"column":61},"skip":true},{"start":{"line":108,"column":66},"end":{"line":108,"column":72},"skip":true},{"start":{"line":108,"column":77},"end":{"line":108,"column":82},"skip":true},{"start":{"line":109,"column":20},"end":{"line":109,"column":39},"skip":true},{"start":{"line":110,"column":20},"end":{"line":110,"column":49},"skip":true},{"start":{"line":111,"column":20},"end":{"line":111,"column":58},"skip":true},{"start":{"line":112,"column":20},"end":{"line":112,"column":68},"skip":true}]},"15":{"line":129,"type":"if","locations":[{"start":{"line":129,"column":16},"end":{"line":129,"column":16},"skip":true},{"start":{"line":129,"column":16},"end":{"line":129,"column":16},"skip":true}]},"16":{"line":134,"type":"cond-expr","locations":[{"start":{"line":135,"column":26},"end":{"line":135,"column":29},"skip":true},{"start":{"line":136,"column":26},"end":{"line":136,"column":54},"skip":true}]},"17":{"line":164,"type":"binary-expr","locations":[{"start":{"line":164,"column":27},"end":{"line":164,"column":43},"skip":true},{"start":{"line":164,"column":47},"end":{"line":164,"column":49},"skip":true}]},"18":{"line":258,"type":"if","locations":[{"start":{"line":258,"column":8},"end":{"line":258,"column":8},"skip":true},{"start":{"line":258,"column":8},"end":{"line":258,"column":8},"skip":true}]},"19":{"line":275,"type":"switch","locations":[{"start":{"line":276,"column":20},"end":{"line":277,"column":64},"skip":true},{"start":{"line":278,"column":20},"end":{"line":279,"column":40},"skip":true},{"start":{"line":280,"column":20},"end":{"line":281,"column":40},"skip":true},{"start":{"line":282,"column":20},"end":{"line":283,"column":39},"skip":true}]},"20":{"line":288,"type":"if","locations":[{"start":{"line":288,"column":8},"end":{"line":288,"column":8},"skip":true},{"start":{"line":288,"column":8},"end":{"line":288,"column":8},"skip":true}]},"21":{"line":288,"type":"binary-expr","locations":[{"start":{"line":288,"column":12},"end":{"line":288,"column":40},"skip":true},{"start":{"line":288,"column":44},"end":{"line":288,"column":67},"skip":true}]},"22":{"line":292,"type":"binary-expr","locations":[{"start":{"line":292,"column":12},"end":{"line":292,"column":50},"skip":true},{"start":{"line":293,"column":12},"end":{"line":293,"column":53},"skip":true}]},"23":{"line":297,"type":"binary-expr","locations":[{"start":{"line":297,"column":12},"end":{"line":297,"column":62},"skip":true},{"start":{"line":298,"column":12},"end":{"line":301,"column":36},"skip":true}]},"24":{"line":303,"type":"binary-expr","locations":[{"start":{"line":303,"column":43},"end":{"line":303,"column":75},"skip":true},{"start":{"line":303,"column":79},"end":{"line":303,"column":81},"skip":true}]},"25":{"line":306,"type":"if","locations":[{"start":{"line":306,"column":8},"end":{"line":306,"column":8},"skip":true},{"start":{"line":306,"column":8},"end":{"line":306,"column":8},"skip":true}]},"26":{"line":310,"type":"if","locations":[{"start":{"line":310,"column":8},"end":{"line":310,"column":8},"skip":true},{"start":{"line":310,"column":8},"end":{"line":310,"column":8},"skip":true}]},"27":{"line":313,"type":"binary-expr","locations":[{"start":{"line":313,"column":27},"end":{"line":313,"column":43},"skip":true},{"start":{"line":313,"column":47},"end":{"line":313,"column":53},"skip":true}]},"28":{"line":317,"type":"if","locations":[{"start":{"line":317,"column":12},"end":{"line":317,"column":12},"skip":true},{"start":{"line":317,"column":12},"end":{"line":317,"column":12},"skip":true}]}},"code":["/*","example.js","","quickstart example","","instruction","    1. save this script as example.js","    2. run the shell command:","        $ npm install npmtest-rsmq && PORT=8081 node example.js","    3. play with the browser-demo on http://127.0.0.1:8081","*/","","","","/* istanbul instrument in package npmtest_rsmq */","/*jslint","    bitwise: true,","    browser: true,","    maxerr: 8,","    maxlen: 96,","    node: true,","    nomen: true,","    regexp: true,","    stupid: true","*/","(function () {","    'use strict';","    var local;","","","","    // run shared js-env code - pre-init","    (function () {","        // init local","        local = {};","        // init modeJs","        local.modeJs = (function () {","            try {","                return typeof navigator.userAgent === 'string' &&","                    typeof document.querySelector('body') === 'object' &&","                    typeof XMLHttpRequest.prototype.open === 'function' &&","                    'browser';","            } catch (errorCaughtBrowser) {","                return module.exports &&","                    typeof process.versions.node === 'string' &&","                    typeof require('http').createServer === 'function' &&","                    'node';","            }","        }());","        // init global","        local.global = local.modeJs === 'browser'","            ? window","            : global;","        // init utility2_rollup","        local = local.global.utility2_rollup || (local.modeJs === 'browser'","            ? local.global.utility2_npmtest_rsmq","            : global.utility2_moduleExports);","        // export local","        local.global.local = local;","    }());","    switch (local.modeJs) {","","","","    // post-init","    // run browser js-env code - post-init","    /* istanbul ignore next */","    case 'browser':","        local.testRunBrowser = function (event) {","            if (!event || (event &&","                    event.currentTarget &&","                    event.currentTarget.className &&","                    event.currentTarget.className.includes &&","                    event.currentTarget.className.includes('onreset'))) {","                // reset output","                Array.from(","                    document.querySelectorAll('body > .resettable')","                ).forEach(function (element) {","                    switch (element.tagName) {","                    case 'INPUT':","                    case 'TEXTAREA':","                        element.value = '';","                        break;","                    default:","                        element.textContent = '';","                    }","                });","            }","            switch (event && event.currentTarget && event.currentTarget.id) {","            case 'testRunButton1':","                // show tests","                if (document.querySelector('#testReportDiv1').style.display === 'none') {","                    document.querySelector('#testReportDiv1').style.display = 'block';","                    document.querySelector('#testRunButton1').textContent =","                        'hide internal test';","                    local.modeTest = true;","                    local.testRunDefault(local);","                // hide tests","                } else {","                    document.querySelector('#testReportDiv1').style.display = 'none';","                    document.querySelector('#testRunButton1').textContent = 'run internal test';","                }","                break;","            // custom-case","            default:","                break;","            }","            if (document.querySelector('#inputTextareaEval1') && (!event || (event &&","                    event.currentTarget &&","                    event.currentTarget.className &&","                    event.currentTarget.className.includes &&","                    event.currentTarget.className.includes('oneval')))) {","                // try to eval input-code","                try {","                    /*jslint evil: true*/","                    eval(document.querySelector('#inputTextareaEval1').value);","                } catch (errorCaught) {","                    console.error(errorCaught);","                }","            }","        };","        // log stderr and stdout to #outputTextareaStdout1","        ['error', 'log'].forEach(function (key) {","            console[key + '_original'] = console[key];","            console[key] = function () {","                var element;","                console[key + '_original'].apply(console, arguments);","                element = document.querySelector('#outputTextareaStdout1');","                if (!element) {","                    return;","                }","                // append text to #outputTextareaStdout1","                element.value += Array.from(arguments).map(function (arg) {","                    return typeof arg === 'string'","                        ? arg","                        : JSON.stringify(arg, null, 4);","                }).join(' ') + '\\n';","                // scroll textarea to bottom","                element.scrollTop = element.scrollHeight;","            };","        });","        // init event-handling","        ['change', 'click', 'keyup'].forEach(function (event) {","            Array.from(document.querySelectorAll('.on' + event)).forEach(function (element) {","                element.addEventListener(event, local.testRunBrowser);","            });","        });","        // run tests","        local.testRunBrowser();","        break;","","","","    // run node js-env code - post-init","    /* istanbul ignore next */","    case 'node':","        // export local","        module.exports = local;","        // require modules","        local.fs = require('fs');","        local.http = require('http');","        local.url = require('url');","        // init assets","        local.assetsDict = local.assetsDict || {};","        /* jslint-ignore-begin */","        local.assetsDict['/assets.index.template.html'] = '\\","<!doctype html>\\n\\","<html lang=\"en\">\\n\\","<head>\\n\\","<meta charset=\"UTF-8\">\\n\\","<meta name=\"viewport\" content=\"width=device-width, initial-scale=1\">\\n\\","<title>{{env.npm_package_name}} (v{{env.npm_package_version}})</title>\\n\\","<style>\\n\\","/*csslint\\n\\","    box-sizing: false,\\n\\","    universal-selector: false\\n\\","*/\\n\\","* {\\n\\","    box-sizing: border-box;\\n\\","}\\n\\","body {\\n\\","    background: #dde;\\n\\","    font-family: Arial, Helvetica, sans-serif;\\n\\","    margin: 2rem;\\n\\","}\\n\\","body > * {\\n\\","    margin-bottom: 1rem;\\n\\","}\\n\\",".utility2FooterDiv {\\n\\","    margin-top: 20px;\\n\\","    text-align: center;\\n\\","}\\n\\","</style>\\n\\","<style>\\n\\","/*csslint\\n\\","*/\\n\\","textarea {\\n\\","    font-family: monospace;\\n\\","    height: 10rem;\\n\\","    width: 100%;\\n\\","}\\n\\","textarea[readonly] {\\n\\","    background: #ddd;\\n\\","}\\n\\","</style>\\n\\","</head>\\n\\","<body>\\n\\","<!-- utility2-comment\\n\\","<div id=\"ajaxProgressDiv1\" style=\"background: #d00; height: 2px; left: 0; margin: 0; padding: 0; position: fixed; top: 0; transition: background 0.5s, width 1.5s; width: 25%;\"></div>\\n\\","utility2-comment -->\\n\\","<h1>\\n\\","<!-- utility2-comment\\n\\","    <a\\n\\","        {{#if env.npm_package_homepage}}\\n\\","        href=\"{{env.npm_package_homepage}}\"\\n\\","        {{/if env.npm_package_homepage}}\\n\\","        target=\"_blank\"\\n\\","    >\\n\\","utility2-comment -->\\n\\","        {{env.npm_package_name}} (v{{env.npm_package_version}})\\n\\","<!-- utility2-comment\\n\\","    </a>\\n\\","utility2-comment -->\\n\\","</h1>\\n\\","<h3>{{env.npm_package_description}}</h3>\\n\\","<!-- utility2-comment\\n\\","<h4><a download href=\"assets.app.js\">download standalone app</a></h4>\\n\\","<button class=\"onclick onreset\" id=\"testRunButton1\">run internal test</button><br>\\n\\","<div id=\"testReportDiv1\" style=\"display: none;\"></div>\\n\\","utility2-comment -->\\n\\","\\n\\","\\n\\","\\n\\","<label>stderr and stdout</label>\\n\\","<textarea class=\"resettable\" id=\"outputTextareaStdout1\" readonly></textarea>\\n\\","<!-- utility2-comment\\n\\","{{#if isRollup}}\\n\\","<script src=\"assets.app.js\"></script>\\n\\","{{#unless isRollup}}\\n\\","utility2-comment -->\\n\\","<script src=\"assets.utility2.rollup.js\"></script>\\n\\","<script src=\"jsonp.utility2._stateInit?callback=window.utility2._stateInit\"></script>\\n\\","<script src=\"assets.npmtest_rsmq.rollup.js\"></script>\\n\\","<script src=\"assets.example.js\"></script>\\n\\","<script src=\"assets.test.js\"></script>\\n\\","<!-- utility2-comment\\n\\","{{/if isRollup}}\\n\\","utility2-comment -->\\n\\","<div class=\"utility2FooterDiv\">\\n\\","    [ this app was created with\\n\\","    <a href=\"https://github.com/kaizhu256/node-utility2\" target=\"_blank\">utility2</a>\\n\\","    ]\\n\\","</div>\\n\\","</body>\\n\\","</html>\\n\\","';","        /* jslint-ignore-end */","        if (local.templateRender) {","            local.assetsDict['/'] = local.templateRender(","                local.assetsDict['/assets.index.template.html'],","                {","                    env: local.objectSetDefault(local.env, {","                        npm_package_description: 'the greatest app in the world!',","                        npm_package_name: 'my-app',","                        npm_package_nameAlias: 'my_app',","                        npm_package_version: '0.0.1'","                    })","                }","            );","        } else {","            local.assetsDict['/'] = local.assetsDict['/assets.index.template.html']","                .replace((/\\{\\{env\\.(\\w+?)\\}\\}/g), function (match0, match1) {","                    // jslint-hack","                    String(match0);","                    switch (match1) {","                    case 'npm_package_description':","                        return 'the greatest app in the world!';","                    case 'npm_package_name':","                        return 'my-app';","                    case 'npm_package_nameAlias':","                        return 'my_app';","                    case 'npm_package_version':","                        return '0.0.1';","                    }","                });","        }","        // run the cli","        if (local.global.utility2_rollup || module !== require.main) {","            break;","        }","        local.assetsDict['/assets.example.js'] =","            local.assetsDict['/assets.example.js'] ||","            local.fs.readFileSync(__filename, 'utf8');","        // bug-workaround - long $npm_package_buildCustomOrg","        /* jslint-ignore-begin */","        local.assetsDict['/assets.npmtest_rsmq.rollup.js'] =","            local.assetsDict['/assets.npmtest_rsmq.rollup.js'] ||","            local.fs.readFileSync(","                local.npmtest_rsmq.__dirname + '/lib.npmtest_rsmq.js',","                'utf8'","            ).replace((/^#!/), '//');","        /* jslint-ignore-end */","        local.assetsDict['/favicon.ico'] = local.assetsDict['/favicon.ico'] || '';","        // if $npm_config_timeout_exit exists,","        // then exit this process after $npm_config_timeout_exit ms","        if (Number(process.env.npm_config_timeout_exit)) {","            setTimeout(process.exit, Number(process.env.npm_config_timeout_exit));","        }","        // start server","        if (local.global.utility2_serverHttp1) {","            break;","        }","        process.env.PORT = process.env.PORT || '8081';","        console.error('server starting on port ' + process.env.PORT);","        local.http.createServer(function (request, response) {","            request.urlParsed = local.url.parse(request.url);","            if (local.assetsDict[request.urlParsed.pathname] !== undefined) {","                response.end(local.assetsDict[request.urlParsed.pathname]);","                return;","            }","            response.statusCode = 404;","            response.end();","        }).listen(process.env.PORT);","        break;","    }","}());",""],"l":{"26":2,"28":2,"33":2,"35":2,"37":2,"38":2,"39":2,"44":1,"51":2,"55":2,"59":2,"61":2,"69":1,"70":2,"76":2,"79":2,"82":2,"83":2,"85":1,"89":2,"92":1,"93":1,"94":1,"96":1,"97":1,"100":1,"101":1,"103":1,"106":1,"108":2,"114":1,"116":1,"118":1,"123":1,"124":2,"125":2,"126":3,"127":3,"128":3,"129":3,"130":1,"133":3,"134":3,"139":3,"143":1,"144":3,"145":1,"149":1,"150":1,"158":1,"160":1,"161":1,"162":1,"164":1,"166":1,"258":1,"259":1,"271":1,"274":6,"275":6,"277":1,"279":2,"281":1,"283":2,"288":1,"289":1,"291":1,"296":1,"303":1,"306":1,"307":1,"310":1,"311":1,"313":1,"314":1,"315":1,"316":1,"317":1,"318":1,"319":1,"321":1,"322":1,"324":1}},"/home/travis/build/npmtest/node-npmtest-rsmq/node_modules/rsmq/index.js":{"path":"/home/travis/build/npmtest/node-npmtest-rsmq/node_modules/rsmq/index.js","s":{"1":1,"2":0,"3":0,"4":1,"5":5,"6":5,"7":1,"8":1,"9":1,"10":1,"11":1,"12":1,"13":1,"14":1,"15":1,"16":1,"17":1,"18":1,"19":1,"20":0,"21":0,"22":0,"23":0,"24":0,"25":0,"26":0,"27":0,"28":0,"29":0,"30":0,"31":0,"32":0,"33":0,"34":0,"35":0,"36":0,"37":0,"38":0,"39":0,"40":0,"41":0,"42":0,"43":0,"44":0,"45":0,"46":0,"47":0,"48":0,"49":0,"50":0,"51":0,"52":0,"53":0,"54":0,"55":0,"56":0,"57":0,"58":0,"59":0,"60":0,"61":0,"62":0,"63":1,"64":0,"65":1,"66":0,"67":0,"68":0,"69":0,"70":0,"71":0,"72":0,"73":0,"74":0,"75":0,"76":0,"77":0,"78":0,"79":0,"80":0,"81":0,"82":0,"83":0,"84":1,"85":0,"86":0,"87":0,"88":0,"89":0,"90":0,"91":0,"92":0,"93":0,"94":0,"95":0,"96":0,"97":1,"98":0,"99":0,"100":0,"101":0,"102":0,"103":0,"104":1,"105":0,"106":0,"107":0,"108":0,"109":0,"110":0,"111":0,"112":0,"113":0,"114":0,"115":0,"116":0,"117":0,"118":0,"119":0,"120":0,"121":0,"122":0,"123":0,"124":0,"125":0,"126":0,"127":0,"128":0,"129":0,"130":1,"131":0,"132":0,"133":0,"134":0,"135":0,"136":0,"137":0,"138":0,"139":0,"140":0,"141":0,"142":0,"143":0,"144":1,"145":0,"146":0,"147":0,"148":0,"149":0,"150":0,"151":0,"152":0,"153":0,"154":0,"155":0,"156":0,"157":0,"158":0,"159":1,"160":0,"161":0,"162":0,"163":0,"164":0,"165":0,"166":0,"167":0,"168":0,"169":0,"170":0,"171":0,"172":0,"173":0,"174":0,"175":0,"176":0,"177":0,"178":0,"179":0,"180":0,"181":1,"182":0,"183":0,"184":0,"185":0,"186":0,"187":0,"188":0,"189":0,"190":0,"191":0,"192":0,"193":1,"194":0,"195":0,"196":0,"197":0,"198":0,"199":0,"200":0,"201":0,"202":0,"203":0,"204":0,"205":0,"206":0,"207":0,"208":0,"209":0,"210":0,"211":0,"212":0,"213":0,"214":0,"215":0,"216":1,"217":0,"218":0,"219":0,"220":0,"221":0,"222":0,"223":1,"224":0,"225":0,"226":0,"227":0,"228":0,"229":0,"230":0,"231":0,"232":0,"233":0,"234":0,"235":0,"236":1,"237":0,"238":0,"239":0,"240":0,"241":0,"242":0,"243":0,"244":0,"245":0,"246":0,"247":0,"248":0,"249":0,"250":0,"251":0,"252":0,"253":1,"254":0,"255":1,"256":0,"257":1,"258":0,"259":0,"260":0,"261":0,"262":0,"263":0,"264":0,"265":0,"266":0,"267":0,"268":0,"269":0,"270":0,"271":0,"272":0,"273":0,"274":0,"275":0,"276":0,"277":0,"278":0,"279":0,"280":0,"281":1,"282":0,"283":0,"284":0,"285":0,"286":0,"287":0,"288":0,"289":0,"290":0,"291":0,"292":0,"293":0,"294":0,"295":0,"296":0,"297":0,"298":0,"299":0,"300":0,"301":0,"302":0,"303":0,"304":0,"305":0,"306":0,"307":0,"308":0,"309":0,"310":0,"311":0,"312":0,"313":0,"314":1,"315":0,"316":1,"317":0,"318":0,"319":0,"320":0,"321":0,"322":0,"323":0,"324":0,"325":0,"326":1,"327":0,"328":0,"329":0,"330":0,"331":0,"332":0,"333":1,"334":0,"335":0,"336":0,"337":0,"338":0,"339":0,"340":1,"341":1,"342":0,"343":0,"344":0,"345":0,"346":0,"347":0,"348":0,"349":0,"350":0,"351":0,"352":0,"353":0,"354":0,"355":0,"356":0,"357":0,"358":0,"359":0,"360":0,"361":0,"362":0,"363":0,"364":0,"365":1,"366":1,"367":1},"b":{"1":[5,0],"2":[0,0],"3":[0,0],"4":[0,0],"5":[0,0],"6":[0,0],"7":[0,0],"8":[0,0],"9":[0,0],"10":[0,0],"11":[0,0,0],"12":[0,0],"13":[0,0],"14":[0,0],"15":[0,0],"16":[0,0],"17":[0,0],"18":[0,0],"19":[0,0],"20":[0,0],"21":[0,0],"22":[0,0],"23":[0,0],"24":[0,0],"25":[0,0],"26":[0,0],"27":[0,0],"28":[0,0],"29":[0,0],"30":[0,0],"31":[0,0],"32":[0,0],"33":[0,0],"34":[0,0],"35":[0,0],"36":[0,0],"37":[0,0],"38":[0,0],"39":[0,0],"40":[0,0],"41":[0,0],"42":[0,0],"43":[0,0],"44":[0,0],"45":[0,0],"46":[0,0],"47":[0,0],"48":[0,0],"49":[0,0],"50":[0,0],"51":[0,0],"52":[0,0],"53":[0,0],"54":[0,0],"55":[0,0],"56":[0,0],"57":[0,0],"58":[0,0],"59":[0,0],"60":[0,0],"61":[0,0],"62":[0,0],"63":[0,0],"64":[0,0],"65":[0,0],"66":[0,0],"67":[0,0],"68":[0,0],"69":[0,0],"70":[0,0],"71":[0,0],"72":[0,0,0,0,0],"73":[0,0],"74":[0,0],"75":[0,0],"76":[0,0,0,0],"77":[0,0],"78":[0,0,0,0],"79":[0,0]},"f":{"1":0,"2":0,"3":1,"4":1,"5":1,"6":0,"7":0,"8":0,"9":0,"10":0,"11":0,"12":0,"13":0,"14":0,"15":0,"16":0,"17":0,"18":0,"19":0,"20":0,"21":0,"22":0,"23":0,"24":0,"25":0,"26":0,"27":0,"28":0,"29":0,"30":0,"31":0,"32":0,"33":0,"34":0,"35":0,"36":0,"37":0,"38":0,"39":0,"40":0,"41":0,"42":0,"43":0,"44":0,"45":0,"46":0,"47":0,"48":0,"49":0,"50":0,"51":0,"52":0,"53":0,"54":0,"55":0,"56":0,"57":0,"58":0,"59":0,"60":0,"61":0,"62":0,"63":0,"64":0,"65":0,"66":0,"67":0,"68":0,"69":0,"70":0,"71":0,"72":0,"73":0},"fnMap":{"1":{"name":"(anonymous_1)","line":19,"loc":{"start":{"line":19,"column":9},"end":{"line":19,"column":25}}},"2":{"name":"(anonymous_2)","line":19,"loc":{"start":{"line":19,"column":34},"end":{"line":19,"column":44}}},"3":{"name":"(anonymous_3)","line":20,"loc":{"start":{"line":20,"column":11},"end":{"line":20,"column":35}}},"4":{"name":"ctor","line":20,"loc":{"start":{"line":20,"column":122},"end":{"line":20,"column":138}}},"5":{"name":"(anonymous_5)","line":31,"loc":{"start":{"line":31,"column":12},"end":{"line":31,"column":33}}},"6":{"name":"RedisSMQ","line":34,"loc":{"start":{"line":34,"column":2},"end":{"line":34,"column":29}}},"7":{"name":"(anonymous_7)","line":74,"loc":{"start":{"line":74,"column":30},"end":{"line":74,"column":46}}},"8":{"name":"(anonymous_8)","line":75,"loc":{"start":{"line":75,"column":13},"end":{"line":75,"column":24}}},"9":{"name":"(anonymous_9)","line":81,"loc":{"start":{"line":81,"column":28},"end":{"line":81,"column":44}}},"10":{"name":"(anonymous_10)","line":82,"loc":{"start":{"line":82,"column":13},"end":{"line":82,"column":27}}},"11":{"name":"(anonymous_11)","line":96,"loc":{"start":{"line":96,"column":28},"end":{"line":96,"column":39}}},"12":{"name":"(anonymous_12)","line":100,"loc":{"start":{"line":100,"column":33},"end":{"line":100,"column":58}}},"13":{"name":"(anonymous_13)","line":103,"loc":{"start":{"line":103,"column":31},"end":{"line":103,"column":47}}},"14":{"name":"(anonymous_14)","line":104,"loc":{"start":{"line":104,"column":13},"end":{"line":104,"column":33}}},"15":{"name":"(anonymous_15)","line":131,"loc":{"start":{"line":131,"column":47},"end":{"line":131,"column":69}}},"16":{"name":"(anonymous_16)","line":135,"loc":{"start":{"line":135,"column":42},"end":{"line":135,"column":58}}},"17":{"name":"(anonymous_17)","line":136,"loc":{"start":{"line":136,"column":13},"end":{"line":136,"column":30}}},"18":{"name":"(anonymous_18)","line":145,"loc":{"start":{"line":145,"column":55},"end":{"line":145,"column":66}}},"19":{"name":"(anonymous_19)","line":152,"loc":{"start":{"line":152,"column":48},"end":{"line":152,"column":73}}},"20":{"name":"(anonymous_20)","line":153,"loc":{"start":{"line":153,"column":135},"end":{"line":153,"column":151}}},"21":{"name":"(anonymous_21)","line":154,"loc":{"start":{"line":154,"column":13},"end":{"line":154,"column":33}}},"22":{"name":"(anonymous_22)","line":164,"loc":{"start":{"line":164,"column":35},"end":{"line":164,"column":57}}},"23":{"name":"(anonymous_23)","line":172,"loc":{"start":{"line":172,"column":21},"end":{"line":172,"column":37}}},"24":{"name":"(anonymous_24)","line":173,"loc":{"start":{"line":173,"column":13},"end":{"line":173,"column":33}}},"25":{"name":"(anonymous_25)","line":180,"loc":{"start":{"line":180,"column":35},"end":{"line":180,"column":55}}},"26":{"name":"(anonymous_26)","line":189,"loc":{"start":{"line":189,"column":68},"end":{"line":189,"column":88}}},"27":{"name":"(anonymous_27)","line":201,"loc":{"start":{"line":201,"column":37},"end":{"line":201,"column":59}}},"28":{"name":"(anonymous_28)","line":208,"loc":{"start":{"line":208,"column":31},"end":{"line":208,"column":47}}},"29":{"name":"(anonymous_29)","line":209,"loc":{"start":{"line":209,"column":13},"end":{"line":209,"column":33}}},"30":{"name":"(anonymous_30)","line":223,"loc":{"start":{"line":223,"column":35},"end":{"line":223,"column":57}}},"31":{"name":"(anonymous_31)","line":230,"loc":{"start":{"line":230,"column":31},"end":{"line":230,"column":47}}},"32":{"name":"(anonymous_32)","line":231,"loc":{"start":{"line":231,"column":13},"end":{"line":231,"column":33}}},"33":{"name":"(anonymous_33)","line":245,"loc":{"start":{"line":245,"column":42},"end":{"line":245,"column":64}}},"34":{"name":"(anonymous_34)","line":251,"loc":{"start":{"line":251,"column":21},"end":{"line":251,"column":37}}},"35":{"name":"(anonymous_35)","line":252,"loc":{"start":{"line":252,"column":13},"end":{"line":252,"column":33}}},"36":{"name":"(anonymous_36)","line":259,"loc":{"start":{"line":259,"column":35},"end":{"line":259,"column":55}}},"37":{"name":"(anonymous_37)","line":286,"loc":{"start":{"line":286,"column":46},"end":{"line":286,"column":59}}},"38":{"name":"(anonymous_38)","line":287,"loc":{"start":{"line":287,"column":12},"end":{"line":287,"column":28}}},"39":{"name":"(anonymous_39)","line":288,"loc":{"start":{"line":288,"column":13},"end":{"line":288,"column":33}}},"40":{"name":"(anonymous_40)","line":310,"loc":{"start":{"line":310,"column":34},"end":{"line":310,"column":47}}},"41":{"name":"(anonymous_41)","line":315,"loc":{"start":{"line":315,"column":50},"end":{"line":315,"column":66}}},"42":{"name":"(anonymous_42)","line":316,"loc":{"start":{"line":316,"column":13},"end":{"line":316,"column":33}}},"43":{"name":"(anonymous_43)","line":325,"loc":{"start":{"line":325,"column":54},"end":{"line":325,"column":70}}},"44":{"name":"(anonymous_44)","line":326,"loc":{"start":{"line":326,"column":13},"end":{"line":326,"column":33}}},"45":{"name":"(anonymous_45)","line":335,"loc":{"start":{"line":335,"column":63},"end":{"line":335,"column":79}}},"46":{"name":"(anonymous_46)","line":336,"loc":{"start":{"line":336,"column":13},"end":{"line":336,"column":33}}},"47":{"name":"(anonymous_47)","line":343,"loc":{"start":{"line":343,"column":34},"end":{"line":343,"column":47}}},"48":{"name":"(anonymous_48)","line":344,"loc":{"start":{"line":344,"column":50},"end":{"line":344,"column":66}}},"49":{"name":"(anonymous_49)","line":345,"loc":{"start":{"line":345,"column":13},"end":{"line":345,"column":33}}},"50":{"name":"(anonymous_50)","line":355,"loc":{"start":{"line":355,"column":34},"end":{"line":355,"column":56}}},"51":{"name":"(anonymous_51)","line":359,"loc":{"start":{"line":359,"column":42},"end":{"line":359,"column":58}}},"52":{"name":"(anonymous_52)","line":360,"loc":{"start":{"line":360,"column":13},"end":{"line":360,"column":30}}},"53":{"name":"(anonymous_53)","line":369,"loc":{"start":{"line":369,"column":42},"end":{"line":369,"column":53}}},"54":{"name":"(anonymous_54)","line":376,"loc":{"start":{"line":376,"column":38},"end":{"line":376,"column":60}}},"55":{"name":"(anonymous_55)","line":380,"loc":{"start":{"line":380,"column":42},"end":{"line":380,"column":58}}},"56":{"name":"(anonymous_56)","line":381,"loc":{"start":{"line":381,"column":13},"end":{"line":381,"column":30}}},"57":{"name":"(anonymous_57)","line":395,"loc":{"start":{"line":395,"column":46},"end":{"line":395,"column":57}}},"58":{"name":"(anonymous_58)","line":402,"loc":{"start":{"line":402,"column":35},"end":{"line":402,"column":60}}},"59":{"name":"(anonymous_59)","line":406,"loc":{"start":{"line":406,"column":39},"end":{"line":406,"column":64}}},"60":{"name":"(anonymous_60)","line":410,"loc":{"start":{"line":410,"column":35},"end":{"line":410,"column":57}}},"61":{"name":"(anonymous_61)","line":414,"loc":{"start":{"line":414,"column":41},"end":{"line":414,"column":57}}},"62":{"name":"(anonymous_62)","line":415,"loc":{"start":{"line":415,"column":13},"end":{"line":415,"column":30}}},"63":{"name":"(anonymous_63)","line":434,"loc":{"start":{"line":434,"column":35},"end":{"line":434,"column":55}}},"64":{"name":"(anonymous_64)","line":445,"loc":{"start":{"line":445,"column":42},"end":{"line":445,"column":64}}},"65":{"name":"(anonymous_65)","line":463,"loc":{"start":{"line":463,"column":42},"end":{"line":463,"column":58}}},"66":{"name":"(anonymous_66)","line":464,"loc":{"start":{"line":464,"column":13},"end":{"line":464,"column":30}}},"67":{"name":"(anonymous_67)","line":469,"loc":{"start":{"line":469,"column":25},"end":{"line":469,"column":45}}},"68":{"name":"(anonymous_68)","line":480,"loc":{"start":{"line":480,"column":37},"end":{"line":480,"column":57}}},"69":{"name":"(anonymous_69)","line":492,"loc":{"start":{"line":492,"column":38},"end":{"line":492,"column":59}}},"70":{"name":"(anonymous_70)","line":496,"loc":{"start":{"line":496,"column":36},"end":{"line":496,"column":60}}},"71":{"name":"(anonymous_71)","line":511,"loc":{"start":{"line":511,"column":35},"end":{"line":511,"column":46}}},"72":{"name":"(anonymous_72)","line":521,"loc":{"start":{"line":521,"column":31},"end":{"line":521,"column":45}}},"73":{"name":"(anonymous_73)","line":536,"loc":{"start":{"line":536,"column":33},"end":{"line":536,"column":56}}}},"statementMap":{"1":{"start":{"line":18,"column":0},"end":{"line":21,"column":30}},"2":{"start":{"line":19,"column":27},"end":{"line":19,"column":80}},"3":{"start":{"line":19,"column":46},"end":{"line":19,"column":77}},"4":{"start":{"line":20,"column":37},"end":{"line":20,"column":121}},"5":{"start":{"line":20,"column":63},"end":{"line":20,"column":119}},"6":{"start":{"line":20,"column":94},"end":{"line":20,"column":119}},"7":{"start":{"line":20,"column":122},"end":{"line":20,"column":167}},"8":{"start":{"line":20,"column":140},"end":{"line":20,"column":165}},"9":{"start":{"line":20,"column":168},"end":{"line":20,"column":202}},"10":{"start":{"line":20,"column":203},"end":{"line":20,"column":232}},"11":{"start":{"line":20,"column":233},"end":{"line":20,"column":268}},"12":{"start":{"line":20,"column":269},"end":{"line":20,"column":282}},"13":{"start":{"line":23,"column":0},"end":{"line":23,"column":27}},"14":{"start":{"line":25,"column":0},"end":{"line":25,"column":22}},"15":{"start":{"line":27,"column":0},"end":{"line":27,"column":29}},"16":{"start":{"line":29,"column":0},"end":{"line":29,"column":46}},"17":{"start":{"line":31,"column":0},"end":{"line":599,"column":17}},"18":{"start":{"line":32,"column":2},"end":{"line":32,"column":31}},"19":{"start":{"line":34,"column":2},"end":{"line":94,"column":3}},"20":{"start":{"line":35,"column":4},"end":{"line":35,"column":24}},"21":{"start":{"line":36,"column":4},"end":{"line":38,"column":5}},"22":{"start":{"line":37,"column":6},"end":{"line":37,"column":19}},"23":{"start":{"line":39,"column":4},"end":{"line":39,"column":52}},"24":{"start":{"line":40,"column":4},"end":{"line":40,"column":54}},"25":{"start":{"line":41,"column":4},"end":{"line":41,"column":66}},"26":{"start":{"line":42,"column":4},"end":{"line":42,"column":52}},"27":{"start":{"line":43,"column":4},"end":{"line":43,"column":60}},"28":{"start":{"line":44,"column":4},"end":{"line":44,"column":52}},"29":{"start":{"line":45,"column":4},"end":{"line":45,"column":58}},"30":{"start":{"line":46,"column":4},"end":{"line":46,"column":50}},"31":{"start":{"line":47,"column":4},"end":{"line":47,"column":50}},"32":{"start":{"line":48,"column":4},"end":{"line":48,"column":66}},"33":{"start":{"line":49,"column":4},"end":{"line":49,"column":52}},"34":{"start":{"line":50,"column":4},"end":{"line":50,"column":56}},"35":{"start":{"line":51,"column":4},"end":{"line":51,"column":52}},"36":{"start":{"line":52,"column":4},"end":{"line":52,"column":78}},"37":{"start":{"line":53,"column":4},"end":{"line":53,"column":76}},"38":{"start":{"line":54,"column":4},"end":{"line":54,"column":48}},"39":{"start":{"line":55,"column":4},"end":{"line":55,"column":38}},"40":{"start":{"line":56,"column":4},"end":{"line":62,"column":16}},"41":{"start":{"line":63,"column":4},"end":{"line":63,"column":33}},"42":{"start":{"line":64,"column":4},"end":{"line":68,"column":5}},"43":{"start":{"line":65,"column":6},"end":{"line":65,"column":31}},"44":{"start":{"line":67,"column":6},"end":{"line":67,"column":78}},"45":{"start":{"line":69,"column":4},"end":{"line":69,"column":51}},"46":{"start":{"line":70,"column":4},"end":{"line":73,"column":5}},"47":{"start":{"line":71,"column":6},"end":{"line":71,"column":27}},"48":{"start":{"line":72,"column":6},"end":{"line":72,"column":24}},"49":{"start":{"line":74,"column":4},"end":{"line":80,"column":14}},"50":{"start":{"line":75,"column":6},"end":{"line":79,"column":8}},"51":{"start":{"line":76,"column":8},"end":{"line":76,"column":31}},"52":{"start":{"line":77,"column":8},"end":{"line":77,"column":30}},"53":{"start":{"line":78,"column":8},"end":{"line":78,"column":27}},"54":{"start":{"line":81,"column":4},"end":{"line":91,"column":14}},"55":{"start":{"line":82,"column":6},"end":{"line":90,"column":8}},"56":{"start":{"line":83,"column":8},"end":{"line":89,"column":9}},"57":{"start":{"line":84,"column":10},"end":{"line":84,"column":34}},"58":{"start":{"line":85,"column":10},"end":{"line":85,"column":35}},"59":{"start":{"line":87,"column":10},"end":{"line":87,"column":44}},"60":{"start":{"line":88,"column":10},"end":{"line":88,"column":30}},"61":{"start":{"line":92,"column":4},"end":{"line":92,"column":23}},"62":{"start":{"line":93,"column":4},"end":{"line":93,"column":11}},"63":{"start":{"line":96,"column":2},"end":{"line":98,"column":4}},"64":{"start":{"line":97,"column":4},"end":{"line":97,"column":22}},"65":{"start":{"line":100,"column":2},"end":{"line":129,"column":4}},"66":{"start":{"line":101,"column":4},"end":{"line":101,"column":11}},"67":{"start":{"line":102,"column":4},"end":{"line":102,"column":91}},"68":{"start":{"line":103,"column":4},"end":{"line":128,"column":14}},"69":{"start":{"line":104,"column":6},"end":{"line":127,"column":8}},"70":{"start":{"line":105,"column":8},"end":{"line":105,"column":22}},"71":{"start":{"line":106,"column":8},"end":{"line":109,"column":9}},"72":{"start":{"line":107,"column":10},"end":{"line":107,"column":38}},"73":{"start":{"line":108,"column":10},"end":{"line":108,"column":17}},"74":{"start":{"line":110,"column":8},"end":{"line":113,"column":9}},"75":{"start":{"line":111,"column":10},"end":{"line":111,"column":50}},"76":{"start":{"line":112,"column":10},"end":{"line":112,"column":17}},"77":{"start":{"line":114,"column":8},"end":{"line":114,"column":57}},"78":{"start":{"line":115,"column":8},"end":{"line":115,"column":62}},"79":{"start":{"line":116,"column":8},"end":{"line":121,"column":10}},"80":{"start":{"line":122,"column":8},"end":{"line":125,"column":9}},"81":{"start":{"line":123,"column":10},"end":{"line":123,"column":34}},"82":{"start":{"line":124,"column":10},"end":{"line":124,"column":61}},"83":{"start":{"line":126,"column":8},"end":{"line":126,"column":20}},"84":{"start":{"line":131,"column":2},"end":{"line":150,"column":4}},"85":{"start":{"line":132,"column":4},"end":{"line":134,"column":5}},"86":{"start":{"line":133,"column":6},"end":{"line":133,"column":13}},"87":{"start":{"line":135,"column":4},"end":{"line":149,"column":14}},"88":{"start":{"line":136,"column":6},"end":{"line":148,"column":8}},"89":{"start":{"line":137,"column":8},"end":{"line":140,"column":9}},"90":{"start":{"line":138,"column":10},"end":{"line":138,"column":38}},"91":{"start":{"line":139,"column":10},"end":{"line":139,"column":17}},"92":{"start":{"line":141,"column":8},"end":{"line":144,"column":9}},"93":{"start":{"line":142,"column":10},"end":{"line":142,"column":57}},"94":{"start":{"line":143,"column":10},"end":{"line":143,"column":17}},"95":{"start":{"line":145,"column":8},"end":{"line":147,"column":11}},"96":{"start":{"line":146,"column":10},"end":{"line":146,"column":57}},"97":{"start":{"line":152,"column":2},"end":{"line":162,"column":4}},"98":{"start":{"line":153,"column":4},"end":{"line":161,"column":14}},"99":{"start":{"line":154,"column":6},"end":{"line":160,"column":8}},"100":{"start":{"line":155,"column":8},"end":{"line":158,"column":9}},"101":{"start":{"line":156,"column":10},"end":{"line":156,"column":38}},"102":{"start":{"line":157,"column":10},"end":{"line":157,"column":17}},"103":{"start":{"line":159,"column":8},"end":{"line":159,"column":23}},"104":{"start":{"line":164,"column":2},"end":{"line":199,"column":4}},"105":{"start":{"line":165,"column":4},"end":{"line":165,"column":24}},"106":{"start":{"line":166,"column":4},"end":{"line":166,"column":55}},"107":{"start":{"line":167,"column":4},"end":{"line":167,"column":62}},"108":{"start":{"line":168,"column":4},"end":{"line":168,"column":70}},"109":{"start":{"line":169,"column":4},"end":{"line":171,"column":5}},"110":{"start":{"line":170,"column":6},"end":{"line":170,"column":13}},"111":{"start":{"line":172,"column":4},"end":{"line":198,"column":14}},"112":{"start":{"line":173,"column":6},"end":{"line":197,"column":8}},"113":{"start":{"line":174,"column":8},"end":{"line":174,"column":15}},"114":{"start":{"line":175,"column":8},"end":{"line":178,"column":9}},"115":{"start":{"line":176,"column":10},"end":{"line":176,"column":38}},"116":{"start":{"line":177,"column":10},"end":{"line":177,"column":17}},"117":{"start":{"line":179,"column":8},"end":{"line":179,"column":400}},"118":{"start":{"line":180,"column":8},"end":{"line":196,"column":11}},"119":{"start":{"line":181,"column":10},"end":{"line":184,"column":11}},"120":{"start":{"line":182,"column":12},"end":{"line":182,"column":40}},"121":{"start":{"line":183,"column":12},"end":{"line":183,"column":19}},"122":{"start":{"line":185,"column":10},"end":{"line":188,"column":11}},"123":{"start":{"line":186,"column":12},"end":{"line":186,"column":50}},"124":{"start":{"line":187,"column":12},"end":{"line":187,"column":19}},"125":{"start":{"line":189,"column":10},"end":{"line":195,"column":13}},"126":{"start":{"line":190,"column":12},"end":{"line":193,"column":13}},"127":{"start":{"line":191,"column":14},"end":{"line":191,"column":42}},"128":{"start":{"line":192,"column":14},"end":{"line":192,"column":21}},"129":{"start":{"line":194,"column":12},"end":{"line":194,"column":24}},"130":{"start":{"line":201,"column":2},"end":{"line":221,"column":4}},"131":{"start":{"line":202,"column":4},"end":{"line":202,"column":16}},"132":{"start":{"line":203,"column":4},"end":{"line":205,"column":5}},"133":{"start":{"line":204,"column":6},"end":{"line":204,"column":13}},"134":{"start":{"line":206,"column":4},"end":{"line":206,"column":44}},"135":{"start":{"line":207,"column":4},"end":{"line":207,"column":116}},"136":{"start":{"line":208,"column":4},"end":{"line":220,"column":14}},"137":{"start":{"line":209,"column":6},"end":{"line":219,"column":8}},"138":{"start":{"line":210,"column":8},"end":{"line":213,"column":9}},"139":{"start":{"line":211,"column":10},"end":{"line":211,"column":38}},"140":{"start":{"line":212,"column":10},"end":{"line":212,"column":17}},"141":{"start":{"line":214,"column":8},"end":{"line":218,"column":9}},"142":{"start":{"line":215,"column":10},"end":{"line":215,"column":22}},"143":{"start":{"line":217,"column":10},"end":{"line":217,"column":22}},"144":{"start":{"line":223,"column":2},"end":{"line":243,"column":4}},"145":{"start":{"line":224,"column":4},"end":{"line":224,"column":16}},"146":{"start":{"line":225,"column":4},"end":{"line":227,"column":5}},"147":{"start":{"line":226,"column":6},"end":{"line":226,"column":13}},"148":{"start":{"line":228,"column":4},"end":{"line":228,"column":44}},"149":{"start":{"line":229,"column":4},"end":{"line":229,"column":95}},"150":{"start":{"line":230,"column":4},"end":{"line":242,"column":14}},"151":{"start":{"line":231,"column":6},"end":{"line":241,"column":8}},"152":{"start":{"line":232,"column":8},"end":{"line":235,"column":9}},"153":{"start":{"line":233,"column":10},"end":{"line":233,"column":38}},"154":{"start":{"line":234,"column":10},"end":{"line":234,"column":17}},"155":{"start":{"line":236,"column":8},"end":{"line":239,"column":9}},"156":{"start":{"line":237,"column":10},"end":{"line":237,"column":50}},"157":{"start":{"line":238,"column":10},"end":{"line":238,"column":17}},"158":{"start":{"line":240,"column":8},"end":{"line":240,"column":20}},"159":{"start":{"line":245,"column":2},"end":{"line":284,"column":4}},"160":{"start":{"line":246,"column":4},"end":{"line":246,"column":12}},"161":{"start":{"line":247,"column":4},"end":{"line":249,"column":5}},"162":{"start":{"line":248,"column":6},"end":{"line":248,"column":13}},"163":{"start":{"line":250,"column":4},"end":{"line":250,"column":44}},"164":{"start":{"line":251,"column":4},"end":{"line":283,"column":14}},"165":{"start":{"line":252,"column":6},"end":{"line":282,"column":8}},"166":{"start":{"line":253,"column":8},"end":{"line":253,"column":15}},"167":{"start":{"line":254,"column":8},"end":{"line":257,"column":9}},"168":{"start":{"line":255,"column":10},"end":{"line":255,"column":38}},"169":{"start":{"line":256,"column":10},"end":{"line":256,"column":17}},"170":{"start":{"line":258,"column":8},"end":{"line":258,"column":170}},"171":{"start":{"line":259,"column":8},"end":{"line":281,"column":11}},"172":{"start":{"line":260,"column":10},"end":{"line":260,"column":16}},"173":{"start":{"line":261,"column":10},"end":{"line":264,"column":11}},"174":{"start":{"line":262,"column":12},"end":{"line":262,"column":40}},"175":{"start":{"line":263,"column":12},"end":{"line":263,"column":19}},"176":{"start":{"line":265,"column":10},"end":{"line":268,"column":11}},"177":{"start":{"line":266,"column":12},"end":{"line":266,"column":52}},"178":{"start":{"line":267,"column":12},"end":{"line":267,"column":19}},"179":{"start":{"line":269,"column":10},"end":{"line":279,"column":12}},"180":{"start":{"line":280,"column":10},"end":{"line":280,"column":22}},"181":{"start":{"line":286,"column":2},"end":{"line":308,"column":4}},"182":{"start":{"line":287,"column":4},"end":{"line":307,"column":13}},"183":{"start":{"line":288,"column":6},"end":{"line":306,"column":8}},"184":{"start":{"line":289,"column":8},"end":{"line":289,"column":14}},"185":{"start":{"line":290,"column":8},"end":{"line":293,"column":9}},"186":{"start":{"line":291,"column":10},"end":{"line":291,"column":38}},"187":{"start":{"line":292,"column":10},"end":{"line":292,"column":17}},"188":{"start":{"line":294,"column":8},"end":{"line":297,"column":9}},"189":{"start":{"line":295,"column":10},"end":{"line":295,"column":23}},"190":{"start":{"line":296,"column":10},"end":{"line":296,"column":17}},"191":{"start":{"line":298,"column":8},"end":{"line":304,"column":10}},"192":{"start":{"line":305,"column":8},"end":{"line":305,"column":20}},"193":{"start":{"line":310,"column":2},"end":{"line":341,"column":4}},"194":{"start":{"line":311,"column":4},"end":{"line":311,"column":81}},"195":{"start":{"line":312,"column":4},"end":{"line":312,"column":611}},"196":{"start":{"line":313,"column":4},"end":{"line":313,"column":608}},"197":{"start":{"line":314,"column":4},"end":{"line":314,"column":174}},"198":{"start":{"line":315,"column":4},"end":{"line":324,"column":14}},"199":{"start":{"line":316,"column":6},"end":{"line":323,"column":8}},"200":{"start":{"line":317,"column":8},"end":{"line":320,"column":9}},"201":{"start":{"line":318,"column":10},"end":{"line":318,"column":27}},"202":{"start":{"line":319,"column":10},"end":{"line":319,"column":17}},"203":{"start":{"line":321,"column":8},"end":{"line":321,"column":37}},"204":{"start":{"line":322,"column":8},"end":{"line":322,"column":44}},"205":{"start":{"line":325,"column":4},"end":{"line":334,"column":14}},"206":{"start":{"line":326,"column":6},"end":{"line":333,"column":8}},"207":{"start":{"line":327,"column":8},"end":{"line":330,"column":9}},"208":{"start":{"line":328,"column":10},"end":{"line":328,"column":27}},"209":{"start":{"line":329,"column":10},"end":{"line":329,"column":17}},"210":{"start":{"line":331,"column":8},"end":{"line":331,"column":41}},"211":{"start":{"line":332,"column":8},"end":{"line":332,"column":48}},"212":{"start":{"line":335,"column":4},"end":{"line":340,"column":14}},"213":{"start":{"line":336,"column":6},"end":{"line":339,"column":8}},"214":{"start":{"line":337,"column":8},"end":{"line":337,"column":50}},"215":{"start":{"line":338,"column":8},"end":{"line":338,"column":57}},"216":{"start":{"line":343,"column":2},"end":{"line":353,"column":4}},"217":{"start":{"line":344,"column":4},"end":{"line":352,"column":14}},"218":{"start":{"line":345,"column":6},"end":{"line":351,"column":8}},"219":{"start":{"line":346,"column":8},"end":{"line":349,"column":9}},"220":{"start":{"line":347,"column":10},"end":{"line":347,"column":38}},"221":{"start":{"line":348,"column":10},"end":{"line":348,"column":17}},"222":{"start":{"line":350,"column":8},"end":{"line":350,"column":23}},"223":{"start":{"line":355,"column":2},"end":{"line":374,"column":4}},"224":{"start":{"line":356,"column":4},"end":{"line":358,"column":5}},"225":{"start":{"line":357,"column":6},"end":{"line":357,"column":13}},"226":{"start":{"line":359,"column":4},"end":{"line":373,"column":14}},"227":{"start":{"line":360,"column":6},"end":{"line":372,"column":8}},"228":{"start":{"line":361,"column":8},"end":{"line":364,"column":9}},"229":{"start":{"line":362,"column":10},"end":{"line":362,"column":38}},"230":{"start":{"line":363,"column":10},"end":{"line":363,"column":17}},"231":{"start":{"line":365,"column":8},"end":{"line":368,"column":9}},"232":{"start":{"line":366,"column":10},"end":{"line":366,"column":44}},"233":{"start":{"line":367,"column":10},"end":{"line":367,"column":17}},"234":{"start":{"line":369,"column":8},"end":{"line":371,"column":11}},"235":{"start":{"line":370,"column":10},"end":{"line":370,"column":44}},"236":{"start":{"line":376,"column":2},"end":{"line":400,"column":4}},"237":{"start":{"line":377,"column":4},"end":{"line":379,"column":5}},"238":{"start":{"line":378,"column":6},"end":{"line":378,"column":13}},"239":{"start":{"line":380,"column":4},"end":{"line":399,"column":14}},"240":{"start":{"line":381,"column":6},"end":{"line":398,"column":8}},"241":{"start":{"line":382,"column":8},"end":{"line":382,"column":16}},"242":{"start":{"line":383,"column":8},"end":{"line":386,"column":9}},"243":{"start":{"line":384,"column":10},"end":{"line":384,"column":38}},"244":{"start":{"line":385,"column":10},"end":{"line":385,"column":17}},"245":{"start":{"line":387,"column":8},"end":{"line":387,"column":61}},"246":{"start":{"line":388,"column":8},"end":{"line":390,"column":9}},"247":{"start":{"line":389,"column":10},"end":{"line":389,"column":17}},"248":{"start":{"line":391,"column":8},"end":{"line":394,"colu
[...]
geVisibility = function(options, cb) {","    if (this._validate(options, [\"qname\", \"id\", \"vt\"], cb) === false) {","      return;","    }","    this._getQueue(options.qname, false, (function(_this) {","      return function(err, q) {","        if (err) {","          _this._handleError(cb, err);","          return;","        }","        if (_this.changeMessageVisibility_sha1) {","          _this._changeMessageVisibility(options, q, cb);","          return;","        }","        _this.on('scriptload:changeMessageVisibility', function() {","          _this._changeMessageVisibility(options, q, cb);","        });","      };","    })(this));","  };","","  RedisSMQ.prototype._changeMessageVisibility = function(options, q, cb) {","    this.redis.evalsha(this.changeMessageVisibility_sha1, 3, \"\" + this.redisns + options.qname, options.id, q.ts + options.vt * 1000, (function(_this) {","      return function(err, resp) {","        if (err) {","          _this._handleError(cb, err);","          return;","        }","        cb(null, resp);","      };","    })(this));","  };","","  RedisSMQ.prototype.createQueue = function(options, cb) {","    var ref, ref1, ref2;","    options.vt = (ref = options.vt) != null ? ref : 30;","    options.delay = (ref1 = options.delay) != null ? ref1 : 0;","    options.maxsize = (ref2 = options.maxsize) != null ? ref2 : 65536;","    if (this._validate(options, [\"qname\", \"vt\", \"delay\", \"maxsize\"], cb) === false) {","      return;","    }","    this.redis.time((function(_this) {","      return function(err, resp) {","        var mc;","        if (err) {","          _this._handleError(cb, err);","          return;","        }","        mc = [[\"hsetnx\", \"\" + _this.redisns + options.qname + \":Q\", \"vt\", options.vt], [\"hsetnx\", \"\" + _this.redisns + options.qname + \":Q\", \"delay\", options.delay], [\"hsetnx\", \"\" + _this.redisns + options.qname + \":Q\", \"maxsize\", options.maxsize], [\"hsetnx\", \"\" + _this.redisns + options.qname + \":Q\", \"created\", resp[0]], [\"hsetnx\", \"\" + _this.redisns + options.qname + \":Q\", \"modified\", resp[0]]];","        _this.redis.multi(mc).exec(function(err, resp) {","          if (err) {","            _this._handleError(cb, err);","            return;","          }","          if (resp[0] === 0) {","            _this._handleError(cb, \"queueExists\");","            return;","          }","          _this.redis.sadd(_this.redisns + \"QUEUES\", options.qname, function(err, resp) {","            if (err) {","              _this._handleError(cb, err);","              return;","            }","            cb(null, 1);","          });","        });","      };","    })(this));","  };","","  RedisSMQ.prototype.deleteMessage = function(options, cb) {","    var key, mc;","    if (this._validate(options, [\"qname\", \"id\"], cb) === false) {","      return;","    }","    key = \"\" + this.redisns + options.qname;","    mc = [[\"zrem\", key, options.id], [\"hdel\", key + \":Q\", \"\" + options.id, options.id + \":rc\", options.id + \":fr\"]];","    this.redis.multi(mc).exec((function(_this) {","      return function(err, resp) {","        if (err) {","          _this._handleError(cb, err);","          return;","        }","        if (resp[0] === 1 && resp[1] > 0) {","          cb(null, 1);","        } else {","          cb(null, 0);","        }","      };","    })(this));","  };","","  RedisSMQ.prototype.deleteQueue = function(options, cb) {","    var key, mc;","    if (this._validate(options, [\"qname\"], cb) === false) {","      return;","    }","    key = \"\" + this.redisns + options.qname;","    mc = [[\"del\", key + \":Q\"], [\"del\", key], [\"srem\", this.redisns + \"QUEUES\", options.qname]];","    this.redis.multi(mc).exec((function(_this) {","      return function(err, resp) {","        if (err) {","          _this._handleError(cb, err);","          return;","        }","        if (resp[0] === 0) {","          _this._handleError(cb, \"queueNotFound\");","          return;","        }","        cb(null, 1);","      };","    })(this));","  };","","  RedisSMQ.prototype.getQueueAttributes = function(options, cb) {","    var key;","    if (this._validate(options, [\"qname\"], cb) === false) {","      return;","    }","    key = \"\" + this.redisns + options.qname;","    this.redis.time((function(_this) {","      return function(err, resp) {","        var mc;","        if (err) {","          _this._handleError(cb, err);","          return;","        }","        mc = [[\"hmget\", key + \":Q\", \"vt\", \"delay\", \"maxsize\", \"totalrecv\", \"totalsent\", \"created\", \"modified\"], [\"zcard\", key], [\"zcount\", key, resp[0] + \"000\", \"+inf\"]];","        _this.redis.multi(mc).exec(function(err, resp) {","          var o;","          if (err) {","            _this._handleError(cb, err);","            return;","          }","          if (resp[0][0] === null) {","            _this._handleError(cb, \"queueNotFound\");","            return;","          }","          o = {","            vt: parseInt(resp[0][0], 10),","            delay: parseInt(resp[0][1], 10),","            maxsize: parseInt(resp[0][2], 10),","            totalrecv: parseInt(resp[0][3], 10) || 0,","            totalsent: parseInt(resp[0][4], 10) || 0,","            created: parseInt(resp[0][5], 10),","            modified: parseInt(resp[0][6], 10),","            msgs: resp[1],","            hiddenmsgs: resp[2]","          };","          cb(null, o);","        });","      };","    })(this));","  };","","  RedisSMQ.prototype._handleReceivedMessage = function(cb) {","    return (function(_this) {","      return function(err, resp) {","        var o;","        if (err) {","          _this._handleError(cb, err);","          return;","        }","        if (!resp.length) {","          cb(null, {});","          return;","        }","        o = {","          id: resp[0],","          message: resp[1],","          rc: resp[2],","          fr: Number(resp[3]),","          sent: parseInt(parseInt(resp[0].slice(0, 10), 36) / 1000)","        };","        cb(null, o);","      };","    })(this);","  };","","  RedisSMQ.prototype.initScript = function(cb) {","    var script_changeMessageVisibility, script_popMessage, script_receiveMessage;","    script_popMessage = 'local msg = redis.call(\"ZRANGEBYSCORE\", KEYS[1], \"-inf\", KEYS[2], \"LIMIT\", \"0\", \"1\") if #msg == 0 then return {} end redis.call(\"HINCRBY\", KEYS[1] .. \":Q\", \"totalrecv\", 1) local mbody = redis.call(\"HGET\", KEYS[1] .. \":Q\", msg[1]) local rc = redis.call(\"HINCRBY\", KEYS[1] .. \":Q\", msg[1] .. \":rc\", 1) local o = {msg[1], mbody, rc} if rc==1 then table.insert(o, KEYS[2]) else local fr = redis.call(\"HGET\", KEYS[1] .. \":Q\", msg[1] .. \":fr\") table.insert(o, fr) end redis.call(\"ZREM\", KEYS[1], msg[1]) redis.call(\"HDEL\", KEYS[1] .. \":Q\", msg[1], msg[1] .. \":rc\", msg[1] .. \":fr\") return o';","    script_receiveMessage = 'local msg = redis.call(\"ZRANGEBYSCORE\", KEYS[1], \"-inf\", KEYS[2], \"LIMIT\", \"0\", \"1\") if #msg == 0 then return {} end redis.call(\"ZADD\", KEYS[1], KEYS[3], msg[1]) redis.call(\"HINCRBY\", KEYS[1] .. \":Q\", \"totalrecv\", 1) local mbody = redis.call(\"HGET\", KEYS[1] .. \":Q\", msg[1]) local rc = redis.call(\"HINCRBY\", KEYS[1] .. \":Q\", msg[1] .. \":rc\", 1) local o = {msg[1], mbody, rc} if rc==1 then redis.call(\"HSET\", KEYS[1] .. \":Q\", msg[1] .. \":fr\", KEYS[2]) table.insert(o, KEYS[2]) else local fr = redis.call(\"HGET\", KEYS[1] .. \":Q\", msg[1] .. \":fr\") table.insert(o, fr) end return o';","    script_changeMessageVisibility = 'local msg = redis.call(\"ZSCORE\", KEYS[1], KEYS[2]) if not msg then return 0 end redis.call(\"ZADD\", KEYS[1], KEYS[3], KEYS[2]) return 1';","    this.redis.script(\"load\", script_popMessage, (function(_this) {","      return function(err, resp) {","        if (err) {","          console.log(err);","          return;","        }","        _this.popMessage_sha1 = resp;","        _this.emit('scriptload:popMessage');","      };","    })(this));","    this.redis.script(\"load\", script_receiveMessage, (function(_this) {","      return function(err, resp) {","        if (err) {","          console.log(err);","          return;","        }","        _this.receiveMessage_sha1 = resp;","        _this.emit('scriptload:receiveMessage');","      };","    })(this));","    this.redis.script(\"load\", script_changeMessageVisibility, (function(_this) {","      return function(err, resp) {","        _this.changeMessageVisibility_sha1 = resp;","        _this.emit('scriptload:changeMessageVisibility');","      };","    })(this));","  };","","  RedisSMQ.prototype.listQueues = function(cb) {","    this.redis.smembers(this.redisns + \"QUEUES\", (function(_this) {","      return function(err, resp) {","        if (err) {","          _this._handleError(cb, err);","          return;","        }","        cb(null, resp);","      };","    })(this));","  };","","  RedisSMQ.prototype.popMessage = function(options, cb) {","    if (this._validate(options, [\"qname\"], cb) === false) {","      return;","    }","    this._getQueue(options.qname, false, (function(_this) {","      return function(err, q) {","        if (err) {","          _this._handleError(cb, err);","          return;","        }","        if (_this.popMessage_sha1) {","          _this._popMessage(options, q, cb);","          return;","        }","        _this.on('scriptload:popMessage', function() {","          _this._popMessage(options, q, cb);","        });","      };","    })(this));","  };","","  RedisSMQ.prototype.receiveMessage = function(options, cb) {","    if (this._validate(options, [\"qname\"], cb) === false) {","      return;","    }","    this._getQueue(options.qname, false, (function(_this) {","      return function(err, q) {","        var ref;","        if (err) {","          _this._handleError(cb, err);","          return;","        }","        options.vt = (ref = options.vt) != null ? ref : q.vt;","        if (_this._validate(options, [\"vt\"], cb) === false) {","          return;","        }","        if (_this.receiveMessage_sha1) {","          _this._receiveMessage(options, q, cb);","          return;","        }","        _this.on('scriptload:receiveMessage', function() {","          _this._receiveMessage(options, q, cb);","        });","      };","    })(this));","  };","","  RedisSMQ.prototype._popMessage = function(options, q, cb) {","    this.redis.evalsha(this.popMessage_sha1, 2, \"\" + this.redisns + options.qname, q.ts, this._handleReceivedMessage(cb));","  };","","  RedisSMQ.prototype._receiveMessage = function(options, q, cb) {","    this.redis.evalsha(this.receiveMessage_sha1, 3, \"\" + this.redisns + options.qname, q.ts, q.ts + options.vt * 1000, this._handleReceivedMessage(cb));","  };","","  RedisSMQ.prototype.sendMessage = function(options, cb) {","    if (this._validate(options, [\"qname\"], cb) === false) {","      return;","    }","    this._getQueue(options.qname, true, (function(_this) {","      return function(err, q) {","        var mc, ref;","        if (err) {","          _this._handleError(cb, err);","          return;","        }","        options.delay = (ref = options.delay) != null ? ref : q.delay;","        if (_this._validate(options, [\"delay\"], cb) === false) {","          return;","        }","        if (typeof options.message !== \"string\") {","          _this._handleError(cb, \"messageNotString\");","          return;","        }","        if (q.maxsize !== -1 && options.message.length > q.maxsize) {","          _this._handleError(cb, \"messageTooLong\");","          return;","        }","        mc = [[\"zadd\", \"\" + _this.redisns + options.qname, q.ts + options.delay * 1000, q.uid], [\"hset\", \"\" + _this.redisns + options.qname + \":Q\", q.uid, options.message], [\"hincrby\", \"\" + _this.redisns + options.qname + \":Q\", \"totalsent\", 1]];","        _this.redis.multi(mc).exec(function(err, resp) {","          if (err) {","            _this._handleError(cb, err);","            return;","          }","          cb(null, q.uid);","        });","      };","    })(this));","  };","","  RedisSMQ.prototype.setQueueAttributes = function(options, cb) {","    var item, j, k, key, len1, props;","    props = [\"vt\", \"maxsize\", \"delay\"];","    k = [];","    for (j = 0, len1 = props.length; j < len1; j++) {","      item = props[j];","      if (options[item] != null) {","        k.push(item);","      }","    }","    if (!k.length) {","      this._handleError(cb, \"noAttributeSupplied\");","      return;","    }","    if (this._validate(options, [\"qname\"].concat(k), cb) === false) {","      return;","    }","    key = \"\" + this.redisns + options.qname;","    this._getQueue(options.qname, false, (function(_this) {","      return function(err, q) {","        if (err) {","          _this._handleError(cb, err);","          return;","        }","        _this.redis.time(function(err, resp) {","          var l, len2, mc;","          if (err) {","            _this._handleError(cb, err);","            return;","          }","          mc = [[\"hset\", \"\" + _this.redisns + options.qname + \":Q\", \"modified\", resp[0]]];","          for (l = 0, len2 = k.length; l < len2; l++) {","            item = k[l];","            mc.push([\"hset\", \"\" + _this.redisns + options.qname + \":Q\", item, options[item]]);","          }","          _this.redis.multi(mc).exec(function(err, resp) {","            if (err) {","              _this._handleError(cb, err);","              return;","            }","            _this.getQueueAttributes(options, cb);","          });","        });","      };","    })(this));","  };","","  RedisSMQ.prototype._formatZeroPad = function(num, count) {","    return ((Math.pow(10, count) + num) + \"\").substr(1);","  };","","  RedisSMQ.prototype._handleError = function(cb, err, data) {","    var _err, ref;","    if (data == null) {","      data = {};","    }","    if (_.isString(err)) {","      _err = new Error();","      _err.name = err;","      _err.message = ((ref = this._ERRORS) != null ? typeof ref[err] === \"function\" ? ref[err](data) : void 0 : void 0) || \"unkown\";","    } else {","      _err = err;","    }","    cb(_err);","  };","","  RedisSMQ.prototype._initErrors = function() {","    var key, msg, ref;","    this._ERRORS = {};","    ref = this.ERRORS;","    for (key in ref) {","      msg = ref[key];","      this._ERRORS[key] = _.template(msg);","    }","  };","","  RedisSMQ.prototype._makeid = function(len) {","    var i, j, possible, ref, text;","    text = \"\";","    possible = \"ABCDEFGHIJKLMNOPQRSTUVWXYZabcdefghijklmnopqrstuvwxyz0123456789\";","    for (i = j = 0, ref = len; 0 <= ref ? j < ref : j > ref; i = 0 <= ref ? ++j : --j) {","      text += possible.charAt(Math.floor(Math.random() * possible.length));","    }","    return text;","  };","","  RedisSMQ.prototype._VALID = {","    qname: /^([a-zA-Z0-9_-]){1,160}$/,","    id: /^([a-zA-Z0-9:]){32}$/","  };","","  RedisSMQ.prototype._validate = function(o, items, cb) {","    var item, j, len1;","    for (j = 0, len1 = items.length; j < len1; j++) {","      item = items[j];","      switch (item) {","        case \"qname\":","        case \"id\":","          if (!o[item]) {","            this._handleError(cb, \"missingParameter\", {","              item: item","            });","            return false;","          }","          o[item] = o[item].toString();","          if (!this._VALID[item].test(o[item])) {","            this._handleError(cb, \"invalidFormat\", {","              item: item","            });","            return false;","          }","          break;","        case \"vt\":","        case \"delay\":","          o[item] = parseInt(o[item], 10);","          if (_.isNaN(o[item]) || !_.isNumber(o[item]) || o[item] < 0 || o[item] > 9999999) {","            this._handleError(cb, \"invalidValue\", {","              item: item,","              min: 0,","              max: 9999999","            });","            return false;","          }","          break;","        case \"maxsize\":","          o[item] = parseInt(o[item], 10);","          if (_.isNaN(o[item]) || !_.isNumber(o[item]) || o[item] < 1024 || o[item] > 65536) {","            if (o[item] !== -1) {","              this._handleError(cb, \"invalidValue\", {","                item: item,","                min: 1024,","                max: 65536","              });","              return false;","            }","          }","      }","    }","    return o;","  };","","  RedisSMQ.prototype.ERRORS = {","    \"noAttributeSupplied\": \"No attribute was supplied\",","    \"missingParameter\": \"No <%= item %> supplied\",","    \"invalidFormat\": \"Invalid <%= item %> format\",","    \"invalidValue\": \"<%= item %> must be between <%= min %> and <%= max %>\",","    \"messageNotString\": \"Message must be a string\",","    \"messageTooLong\": \"Message too long\",","    \"queueNotFound\": \"Queue not found\",","    \"queueExists\": \"Queue exists\"","  };","","  return RedisSMQ;","","})(EventEmitter);","","module.exports = RedisSMQ;",""],"l":{"18":1,"19":0,"20":5,"23":1,"25":1,"27":1,"29":1,"31":1,"32":1,"34":1,"35":0,"36":0,"37":0,"39":0,"40":0,"41":0,"42":0,"43":0,"44":0,"45":0,"46":0,"47":0,"48":0,"49":0,"50":0,"51":0,"52":0,"53":0,"54":0,"55":0,"56":0,"63":0,"64":0,"65":0,"67":0,"69":0,"70":0,"71":0,"72":0,"74":0,"75":0,"76":0,"77":0,"78":0,"81":0,"82":0,"83":0,"84":0,"85":0,"87":0,"88":0,"92":0,"93":0,"96":1,"97":0,"100":1,"101":0,"102":0,"103":0,"104":0,"105":0,"106":0,"107":0,"108":0,"110":0,"111":0,"112":0,"114":0,"115":0,"116":0,"122":0,"123":0,"124":0,"126":0,"131":1,"132":0,"133":0,"135":0,"136":0,"137":0,"138":0,"139":0,"141":0,"142":0,"143":0,"145":0,"146":0,"152":1,"153":0,"154":0,"155":0,"156":0,"157":0,"159":0,"164":1,"165":0,"166":0,"167":0,"168":0,"169":0,"170":0,"172":0,"173":0,"174":0,"175":0,"176":0,"177":0,"179":0,"180":0,"181":0,"182":0,"183":0,"185":0,"186":0,"187":0,"189":0,"190":0,"191":0,"192":0,"194":0,"201":1,"202":0,"203":0,"204":0,"206":0,"207":0,"208":0,"209":0,"210":0,"211":0,"212":0,"214":0,"215":0,"217":0,"223":1,"224":0,"225":0,"226":0,"228":0,"229":0,"230":0,"231":0,"232":0,"233":0,"234":0,"236":0,"237":0,"238":0,"240":0,"245":1,"246":0,"247":0,"248":0,"250":0,"251":0,"252":0,"253":0,"254":0,"255":0,"256":0,"258":0,"259":0,"260":0,"261":0,"262":0,"263":0,"265":0,"266":0,"267":0,"269":0,"280":0,"286":1,"287":0,"288":0,"289":0,"290":0,"291":0,"292":0,"294":0,"295":0,"296":0,"298":0,"305":0,"310":1,"311":0,"312":0,"313":0,"314":0,"315":0,"316":0,"317":0,"318":0,"319":0,"321":0,"322":0,"325":0,"326":0,"327":0,"328":0,"329":0,"331":0,"332":0,"335":0,"336":0,"337":0,"338":0,"343":1,"344":0,"345":0,"346":0,"347":0,"348":0,"350":0,"355":1,"356":0,"357":0,"359":0,"360":0,"361":0,"362":0,"363":0,"365":0,"366":0,"367":0,"369":0,"370":0,"376":1,"377":0,"378":0,"380":0,"381":0,"382":0,"383":0,"384":0,"385":0,"387":0,"388":0,"389":0,"391":0,"392":0,"393":0,"395":0,"396":0,"402":1,"403":0,"406":1,"407":0,"410":1,"411":0,"412":0,"414":0,"415":0,"416":0,"417":0,"418":0,"419":0,"421":0,"422":0,"423":0,"425":0,"426":0,"427":0,"429":0,"430":0,"431":0,"433":0,"434":0,"435":0,"436":0,"437":0,"439":0,"445":1,"446":0,"447":0,"448":0,"449":0,"450":0,"451":0,"452":0,"455":0,"456":0,"457":0,"459":0,"460":0,"462":0,"463":0,"464":0,"465":0,"466":0,"467":0,"469":0,"470":0,"471":0,"472":0,"473":0,"475":0,"476":0,"477":0,"478":0,"480":0,"481":0,"482":0,"483":0,"485":0,"492":1,"493":0,"496":1,"497":0,"498":0,"499":0,"501":0,"502":0,"503":0,"504":0,"506":0,"508":0,"511":1,"512":0,"513":0,"514":0,"515":0,"516":0,"517":0,"521":1,"522":0,"523":0,"524":0,"525":0,"526":0,"528":0,"531":1,"536":1,"537":0,"538":0,"539":0,"540":0,"543":0,"544":0,"547":0,"549":0,"550":0,"551":0,"554":0,"556":0,"559":0,"560":0,"561":0,"566":0,"568":0,"570":0,"571":0,"572":0,"573":0,"578":0,"583":0,"586":1,"597":1,"601":1}}}